===2018-09-19 09:19:50.831 WARN  com.hsgene.hdas.cmcs.modules.admin.security.AuthFilterSecurityInterceptor Line:159 - Could not validate configuration attributes as the SecurityMetadataSource did not return any attributes from getAllConfigAttributes()
===2018-09-19 10:28:06.185 WARN  com.hsgene.hdas.cmcs.modules.admin.security.AuthFilterSecurityInterceptor Line:159 - Could not validate configuration attributes as the SecurityMetadataSource did not return any attributes from getAllConfigAttributes()
===2018-09-19 14:55:58.875 WARN  com.hsgene.hdas.cmcs.modules.admin.security.AuthFilterSecurityInterceptor Line:159 - Could not validate configuration attributes as the SecurityMetadataSource did not return any attributes from getAllConfigAttributes()
===2018-09-19 15:07:53.528 WARN  com.hsgene.hdas.cmcs.modules.admin.security.AuthFilterSecurityInterceptor Line:159 - Could not validate configuration attributes as the SecurityMetadataSource did not return any attributes from getAllConfigAttributes()
===2018-09-19 15:13:01.661 WARN  com.hsgene.hdas.cmcs.modules.admin.security.AuthFilterSecurityInterceptor Line:159 - Could not validate configuration attributes as the SecurityMetadataSource did not return any attributes from getAllConfigAttributes()
===2018-09-19 15:14:54.069 WARN  com.hsgene.hdas.cmcs.modules.admin.security.AuthFilterSecurityInterceptor Line:159 - Could not validate configuration attributes as the SecurityMetadataSource did not return any attributes from getAllConfigAttributes()
===2018-09-19 15:32:22.666 WARN  com.hsgene.hdas.cmcs.modules.admin.security.AuthFilterSecurityInterceptor Line:159 - Could not validate configuration attributes as the SecurityMetadataSource did not return any attributes from getAllConfigAttributes()
===2018-09-19 15:38:32.952 WARN  com.hsgene.hdas.cmcs.modules.admin.security.AuthFilterSecurityInterceptor Line:159 - Could not validate configuration attributes as the SecurityMetadataSource did not return any attributes from getAllConfigAttributes()
===2018-09-19 15:43:31.568 WARN  com.hsgene.hdas.cmcs.modules.admin.security.AuthFilterSecurityInterceptor Line:159 - Could not validate configuration attributes as the SecurityMetadataSource did not return any attributes from getAllConfigAttributes()
===2018-09-19 15:45:25.872 WARN  com.hsgene.hdas.cmcs.modules.admin.security.AuthFilterSecurityInterceptor Line:159 - Could not validate configuration attributes as the SecurityMetadataSource did not return any attributes from getAllConfigAttributes()
===2018-09-19 15:45:41.032 WARN  org.eclipse.jetty.server.HttpChannel Line:510 - /styles/jquery/jquery.dataTables.css
org.springframework.data.redis.serializer.SerializationException: Cannot deserialize; nested exception is org.springframework.core.serializer.support.SerializationFailedException: Failed to deserialize payload. Is the byte array a result of corresponding serialization for DefaultDeserializer?; nested exception is java.lang.LinkageError: loader (instance of  org/springframework/boot/devtools/restart/classloader/RestartClassLoader): attempted  duplicate class definition for name: "com/hsgene/hdas/cmcs/modules/admin/dto/CustomUserDetails"
	at org.springframework.data.redis.serializer.JdkSerializationRedisSerializer.deserialize(JdkSerializationRedisSerializer.java:82)
	at org.springframework.data.redis.core.AbstractOperations.deserializeHashValue(AbstractOperations.java:338)
	at org.springframework.data.redis.core.AbstractOperations.deserializeHashMap(AbstractOperations.java:282)
	at org.springframework.data.redis.core.DefaultHashOperations.entries(DefaultHashOperations.java:227)
	at org.springframework.data.redis.core.DefaultBoundHashOperations.entries(DefaultBoundHashOperations.java:102)
	at org.springframework.session.data.redis.RedisOperationsSessionRepository.getSession(RedisOperationsSessionRepository.java:432)
	at org.springframework.session.data.redis.RedisOperationsSessionRepository.getSession(RedisOperationsSessionRepository.java:402)
	at org.springframework.session.data.redis.RedisOperationsSessionRepository.getSession(RedisOperationsSessionRepository.java:245)
	at org.springframework.session.web.http.SessionRepositoryFilter$SessionRepositoryRequestWrapper.getSession(SessionRepositoryFilter.java:327)
	at org.springframework.session.web.http.SessionRepositoryFilter$SessionRepositoryRequestWrapper.getSession(SessionRepositoryFilter.java:344)
	at org.springframework.session.web.http.SessionRepositoryFilter$SessionRepositoryRequestWrapper.getSession(SessionRepositoryFilter.java:217)
	at javax.servlet.http.HttpServletRequestWrapper.getSession(HttpServletRequestWrapper.java:270)
	at org.springframework.security.web.context.HttpSessionSecurityContextRepository.loadContext(HttpSessionSecurityContextRepository.java:110)
	at org.springframework.security.web.context.SecurityContextPersistenceFilter.doFilter(SecurityContextPersistenceFilter.java:100)
	at org.springframework.security.web.FilterChainProxy$VirtualFilterChain.doFilter(FilterChainProxy.java:331)
	at org.springframework.security.web.context.request.async.WebAsyncManagerIntegrationFilter.doFilterInternal(WebAsyncManagerIntegrationFilter.java:56)
	at org.springframework.web.filter.OncePerRequestFilter.doFilter(OncePerRequestFilter.java:107)
	at org.springframework.security.web.FilterChainProxy$VirtualFilterChain.doFilter(FilterChainProxy.java:331)
	at org.springframework.security.web.FilterChainProxy.doFilterInternal(FilterChainProxy.java:214)
	at org.springframework.security.web.FilterChainProxy.doFilter(FilterChainProxy.java:177)
	at org.springframework.web.filter.DelegatingFilterProxy.invokeDelegate(DelegatingFilterProxy.java:346)
	at org.springframework.web.filter.DelegatingFilterProxy.doFilter(DelegatingFilterProxy.java:262)
	at org.eclipse.jetty.servlet.ServletHandler$CachedChain.doFilter(ServletHandler.java:1621)
	at org.springframework.web.filter.RequestContextFilter.doFilterInternal(RequestContextFilter.java:99)
	at org.springframework.web.filter.OncePerRequestFilter.doFilter(OncePerRequestFilter.java:107)
	at org.eclipse.jetty.servlet.ServletHandler$CachedChain.doFilter(ServletHandler.java:1621)
	at org.springframework.web.filter.HttpPutFormContentFilter.doFilterInternal(HttpPutFormContentFilter.java:105)
	at org.springframework.web.filter.OncePerRequestFilter.doFilter(OncePerRequestFilter.java:107)
	at org.eclipse.jetty.servlet.ServletHandler$CachedChain.doFilter(ServletHandler.java:1621)
	at org.springframework.web.filter.HiddenHttpMethodFilter.doFilterInternal(HiddenHttpMethodFilter.java:81)
	at org.springframework.web.filter.OncePerRequestFilter.doFilter(OncePerRequestFilter.java:107)
	at org.eclipse.jetty.servlet.ServletHandler$CachedChain.doFilter(ServletHandler.java:1621)
	at org.springframework.session.web.http.SessionRepositoryFilter.doFilterInternal(SessionRepositoryFilter.java:167)
	at org.springframework.session.web.http.OncePerRequestFilter.doFilter(OncePerRequestFilter.java:80)
	at org.eclipse.jetty.servlet.ServletHandler$CachedChain.doFilter(ServletHandler.java:1621)
	at org.springframework.web.filter.CharacterEncodingFilter.doFilterInternal(CharacterEncodingFilter.java:197)
	at org.springframework.web.filter.OncePerRequestFilter.doFilter(OncePerRequestFilter.java:107)
	at org.eclipse.jetty.servlet.ServletHandler$CachedChain.doFilter(ServletHandler.java:1621)
	at org.eclipse.jetty.servlet.ServletHandler.doHandle(ServletHandler.java:541)
	at org.eclipse.jetty.server.handler.ScopedHandler.handle(ScopedHandler.java:143)
	at org.eclipse.jetty.security.SecurityHandler.handle(SecurityHandler.java:548)
	at org.eclipse.jetty.server.handler.HandlerWrapper.handle(HandlerWrapper.java:132)
	at org.eclipse.jetty.server.handler.ScopedHandler.nextHandle(ScopedHandler.java:190)
	at org.eclipse.jetty.server.session.SessionHandler.doHandle(SessionHandler.java:1595)
	at org.eclipse.jetty.server.handler.ScopedHandler.nextHandle(ScopedHandler.java:188)
	at org.eclipse.jetty.server.handler.ContextHandler.doHandle(ContextHandler.java:1253)
	at org.eclipse.jetty.server.handler.ScopedHandler.nextScope(ScopedHandler.java:168)
	at org.eclipse.jetty.servlet.ServletHandler.doScope(ServletHandler.java:481)
	at org.eclipse.jetty.server.session.SessionHandler.doScope(SessionHandler.java:1564)
	at org.eclipse.jetty.server.handler.ScopedHandler.nextScope(ScopedHandler.java:166)
	at org.eclipse.jetty.server.handler.ContextHandler.doScope(ContextHandler.java:1155)
	at org.eclipse.jetty.server.handler.ScopedHandler.handle(ScopedHandler.java:141)
	at org.eclipse.jetty.server.handler.HandlerWrapper.handle(HandlerWrapper.java:132)
	at org.eclipse.jetty.server.Server.handle(Server.java:564)
	at org.eclipse.jetty.server.HttpChannel.handle(HttpChannel.java:317)
	at org.eclipse.jetty.server.HttpConnection.onFillable(HttpConnection.java:251)
	at org.eclipse.jetty.io.AbstractConnection$ReadCallback.succeeded(AbstractConnection.java:279)
	at org.eclipse.jetty.io.FillInterest.fillable(FillInterest.java:110)
	at org.eclipse.jetty.io.ChannelEndPoint$2.run(ChannelEndPoint.java:124)
	at org.eclipse.jetty.util.thread.QueuedThreadPool.runJob(QueuedThreadPool.java:672)
	at org.eclipse.jetty.util.thread.QueuedThreadPool$2.run(QueuedThreadPool.java:590)
	at java.lang.Thread.run(Thread.java:745)
Caused by: org.springframework.core.serializer.support.SerializationFailedException: Failed to deserialize payload. Is the byte array a result of corresponding serialization for DefaultDeserializer?; nested exception is java.lang.LinkageError: loader (instance of  org/springframework/boot/devtools/restart/classloader/RestartClassLoader): attempted  duplicate class definition for name: "com/hsgene/hdas/cmcs/modules/admin/dto/CustomUserDetails"
	at org.springframework.core.serializer.support.DeserializingConverter.convert(DeserializingConverter.java:78)
	at org.springframework.core.serializer.support.DeserializingConverter.convert(DeserializingConverter.java:36)
	at org.springframework.data.redis.serializer.JdkSerializationRedisSerializer.deserialize(JdkSerializationRedisSerializer.java:80)
	... 61 common frames omitted
Caused by: java.lang.LinkageError: loader (instance of  org/springframework/boot/devtools/restart/classloader/RestartClassLoader): attempted  duplicate class definition for name: "com/hsgene/hdas/cmcs/modules/admin/dto/CustomUserDetails"
	at java.lang.ClassLoader.defineClass1(Native Method)
	at java.lang.ClassLoader.defineClass(ClassLoader.java:763)
	at java.security.SecureClassLoader.defineClass(SecureClassLoader.java:142)
	at java.net.URLClassLoader.defineClass(URLClassLoader.java:467)
	at java.net.URLClassLoader.access$100(URLClassLoader.java:73)
	at java.net.URLClassLoader$1.run(URLClassLoader.java:368)
	at java.net.URLClassLoader$1.run(URLClassLoader.java:362)
	at java.security.AccessController.doPrivileged(Native Method)
	at java.net.URLClassLoader.findClass(URLClassLoader.java:361)
	at org.springframework.boot.devtools.restart.classloader.RestartClassLoader.findClass(RestartClassLoader.java:165)
	at org.springframework.boot.devtools.restart.classloader.RestartClassLoader.loadClass(RestartClassLoader.java:148)
	at java.lang.ClassLoader.loadClass(ClassLoader.java:357)
	at org.springframework.util.ClassUtils.forName(ClassUtils.java:250)
	at org.springframework.core.ConfigurableObjectInputStream.resolveClass(ConfigurableObjectInputStream.java:74)
	at java.io.ObjectInputStream.readNonProxyDesc(ObjectInputStream.java:1620)
	at java.io.ObjectInputStream.readClassDesc(ObjectInputStream.java:1521)
	at java.io.ObjectInputStream.readOrdinaryObject(ObjectInputStream.java:1781)
	at java.io.ObjectInputStream.readObject0(ObjectInputStream.java:1353)
	at java.io.ObjectInputStream.defaultReadFields(ObjectInputStream.java:2018)
	at java.io.ObjectInputStream.readSerialData(ObjectInputStream.java:1942)
	at java.io.ObjectInputStream.readOrdinaryObject(ObjectInputStream.java:1808)
	at java.io.ObjectInputStream.readObject0(ObjectInputStream.java:1353)
	at java.io.ObjectInputStream.defaultReadFields(ObjectInputStream.java:2018)
	at java.io.ObjectInputStream.readSerialData(ObjectInputStream.java:1942)
	at java.io.ObjectInputStream.readOrdinaryObject(ObjectInputStream.java:1808)
	at java.io.ObjectInputStream.readObject0(ObjectInputStream.java:1353)
	at java.io.ObjectInputStream.readObject(ObjectInputStream.java:373)
	at org.springframework.core.serializer.DefaultDeserializer.deserialize(DefaultDeserializer.java:70)
	at org.springframework.core.serializer.support.DeserializingConverter.convert(DeserializingConverter.java:73)
	... 63 common frames omitted
===2018-09-19 15:49:30.718 WARN  com.hsgene.hdas.cmcs.modules.admin.security.AuthFilterSecurityInterceptor Line:159 - Could not validate configuration attributes as the SecurityMetadataSource did not return any attributes from getAllConfigAttributes()
===2018-09-19 15:49:56.201 WARN  org.eclipse.jetty.server.HttpChannel Line:510 - /role_auth_resource/get_main_version_auth
org.springframework.web.util.NestedServletException: Request processing failed; nested exception is java.lang.IllegalStateException: STREAMED
	at org.springframework.web.servlet.FrameworkServlet.processRequest(FrameworkServlet.java:982)
	at org.springframework.web.servlet.FrameworkServlet.doPost(FrameworkServlet.java:872)
	at javax.servlet.http.HttpServlet.service(HttpServlet.java:707)
	at org.springframework.web.servlet.FrameworkServlet.service(FrameworkServlet.java:846)
	at javax.servlet.http.HttpServlet.service(HttpServlet.java:790)
	at org.eclipse.jetty.servlet.ServletHolder.handle(ServletHolder.java:841)
	at org.eclipse.jetty.servlet.ServletHandler$CachedChain.doFilter(ServletHandler.java:1634)
	at org.eclipse.jetty.websocket.server.WebSocketUpgradeFilter.doFilter(WebSocketUpgradeFilter.java:206)
	at org.eclipse.jetty.servlet.ServletHandler$CachedChain.doFilter(ServletHandler.java:1621)
	at com.hsgene.hdas.cmcs.modules.admin.security.AuthFilterSecurityInterceptor.invoke(AuthFilterSecurityInterceptor.java:73)
	at com.hsgene.hdas.cmcs.modules.admin.security.AuthFilterSecurityInterceptor.doFilter(AuthFilterSecurityInterceptor.java:61)
	at org.eclipse.jetty.servlet.ServletHandler$CachedChain.doFilter(ServletHandler.java:1621)
	at com.alibaba.druid.support.http.WebStatFilter.doFilter(WebStatFilter.java:123)
	at org.eclipse.jetty.servlet.ServletHandler$CachedChain.doFilter(ServletHandler.java:1621)
	at org.springframework.security.web.FilterChainProxy$VirtualFilterChain.doFilter(FilterChainProxy.java:317)
	at org.springframework.security.web.access.intercept.FilterSecurityInterceptor.invoke(FilterSecurityInterceptor.java:127)
	at org.springframework.security.web.access.intercept.FilterSecurityInterceptor.doFilter(FilterSecurityInterceptor.java:91)
	at org.springframework.security.web.FilterChainProxy$VirtualFilterChain.doFilter(FilterChainProxy.java:331)
	at org.springframework.security.web.access.ExceptionTranslationFilter.doFilter(ExceptionTranslationFilter.java:114)
	at org.springframework.security.web.FilterChainProxy$VirtualFilterChain.doFilter(FilterChainProxy.java:331)
	at org.springframework.security.web.session.SessionManagementFilter.doFilter(SessionManagementFilter.java:137)
	at org.springframework.security.web.FilterChainProxy$VirtualFilterChain.doFilter(FilterChainProxy.java:331)
	at org.springframework.security.web.authentication.AnonymousAuthenticationFilter.doFilter(AnonymousAuthenticationFilter.java:111)
	at org.springframework.security.web.FilterChainProxy$VirtualFilterChain.doFilter(FilterChainProxy.java:331)
	at org.springframework.security.web.servletapi.SecurityContextHolderAwareRequestFilter.doFilter(SecurityContextHolderAwareRequestFilter.java:170)
	at org.springframework.security.web.FilterChainProxy$VirtualFilterChain.doFilter(FilterChainProxy.java:331)
	at org.springframework.security.web.savedrequest.RequestCacheAwareFilter.doFilter(RequestCacheAwareFilter.java:63)
	at org.springframework.security.web.FilterChainProxy$VirtualFilterChain.doFilter(FilterChainProxy.java:331)
	at org.springframework.security.web.session.ConcurrentSessionFilter.doFilter(ConcurrentSessionFilter.java:155)
	at org.springframework.security.web.FilterChainProxy$VirtualFilterChain.doFilter(FilterChainProxy.java:331)
	at org.springframework.security.web.authentication.AbstractAuthenticationProcessingFilter.doFilter(AbstractAuthenticationProcessingFilter.java:200)
	at org.springframework.security.web.FilterChainProxy$VirtualFilterChain.doFilter(FilterChainProxy.java:331)
	at org.springframework.security.web.authentication.logout.LogoutFilter.doFilter(LogoutFilter.java:116)
	at org.springframework.security.web.FilterChainProxy$VirtualFilterChain.doFilter(FilterChainProxy.java:331)
	at org.springframework.security.web.header.HeaderWriterFilter.doFilterInternal(HeaderWriterFilter.java:64)
	at org.springframework.web.filter.OncePerRequestFilter.doFilter(OncePerRequestFilter.java:107)
	at org.springframework.security.web.FilterChainProxy$VirtualFilterChain.doFilter(FilterChainProxy.java:331)
	at org.springframework.security.web.context.SecurityContextPersistenceFilter.doFilter(SecurityContextPersistenceFilter.java:105)
	at org.springframework.security.web.FilterChainProxy$VirtualFilterChain.doFilter(FilterChainProxy.java:331)
	at org.springframework.security.web.context.request.async.WebAsyncManagerIntegrationFilter.doFilterInternal(WebAsyncManagerIntegrationFilter.java:56)
	at org.springframework.web.filter.OncePerRequestFilter.doFilter(OncePerRequestFilter.java:107)
	at org.springframework.security.web.FilterChainProxy$VirtualFilterChain.doFilter(FilterChainProxy.java:331)
	at org.springframework.security.web.FilterChainProxy.doFilterInternal(FilterChainProxy.java:214)
	at org.springframework.security.web.FilterChainProxy.doFilter(FilterChainProxy.java:177)
	at org.springframework.web.filter.DelegatingFilterProxy.invokeDelegate(DelegatingFilterProxy.java:346)
	at org.springframework.web.filter.DelegatingFilterProxy.doFilter(DelegatingFilterProxy.java:262)
	at org.eclipse.jetty.servlet.ServletHandler$CachedChain.doFilter(ServletHandler.java:1621)
	at org.springframework.web.filter.RequestContextFilter.doFilterInternal(RequestContextFilter.java:99)
	at org.springframework.web.filter.OncePerRequestFilter.doFilter(OncePerRequestFilter.java:107)
	at org.eclipse.jetty.servlet.ServletHandler$CachedChain.doFilter(ServletHandler.java:1621)
	at org.springframework.web.filter.HttpPutFormContentFilter.doFilterInternal(HttpPutFormContentFilter.java:105)
	at org.springframework.web.filter.OncePerRequestFilter.doFilter(OncePerRequestFilter.java:107)
	at org.eclipse.jetty.servlet.ServletHandler$CachedChain.doFilter(ServletHandler.java:1621)
	at org.springframework.web.filter.HiddenHttpMethodFilter.doFilterInternal(HiddenHttpMethodFilter.java:81)
	at org.springframework.web.filter.OncePerRequestFilter.doFilter(OncePerRequestFilter.java:107)
	at org.eclipse.jetty.servlet.ServletHandler$CachedChain.doFilter(ServletHandler.java:1621)
	at org.springframework.session.web.http.SessionRepositoryFilter.doFilterInternal(SessionRepositoryFilter.java:167)
	at org.springframework.session.web.http.OncePerRequestFilter.doFilter(OncePerRequestFilter.java:80)
	at org.eclipse.jetty.servlet.ServletHandler$CachedChain.doFilter(ServletHandler.java:1621)
	at org.springframework.web.filter.CharacterEncodingFilter.doFilterInternal(CharacterEncodingFilter.java:197)
	at org.springframework.web.filter.OncePerRequestFilter.doFilter(OncePerRequestFilter.java:107)
	at org.eclipse.jetty.servlet.ServletHandler$CachedChain.doFilter(ServletHandler.java:1621)
	at org.eclipse.jetty.servlet.ServletHandler.doHandle(ServletHandler.java:541)
	at org.eclipse.jetty.server.handler.ScopedHandler.handle(ScopedHandler.java:143)
	at org.eclipse.jetty.security.SecurityHandler.handle(SecurityHandler.java:548)
	at org.eclipse.jetty.server.handler.HandlerWrapper.handle(HandlerWrapper.java:132)
	at org.eclipse.jetty.server.handler.ScopedHandler.nextHandle(ScopedHandler.java:190)
	at org.eclipse.jetty.server.session.SessionHandler.doHandle(SessionHandler.java:1595)
	at org.eclipse.jetty.server.handler.ScopedHandler.nextHandle(ScopedHandler.java:188)
	at org.eclipse.jetty.server.handler.ContextHandler.doHandle(ContextHandler.java:1253)
	at org.eclipse.jetty.server.handler.ScopedHandler.nextScope(ScopedHandler.java:168)
	at org.eclipse.jetty.servlet.ServletHandler.doScope(ServletHandler.java:481)
	at org.eclipse.jetty.server.session.SessionHandler.doScope(SessionHandler.java:1564)
	at org.eclipse.jetty.server.handler.ScopedHandler.nextScope(ScopedHandler.java:166)
	at org.eclipse.jetty.server.handler.ContextHandler.doScope(ContextHandler.java:1155)
	at org.eclipse.jetty.server.handler.ScopedHandler.handle(ScopedHandler.java:141)
	at org.eclipse.jetty.server.handler.HandlerWrapper.handle(HandlerWrapper.java:132)
	at org.eclipse.jetty.server.Server.handle(Server.java:564)
	at org.eclipse.jetty.server.HttpChannel.handle(HttpChannel.java:317)
	at org.eclipse.jetty.server.HttpConnection.onFillable(HttpConnection.java:251)
	at org.eclipse.jetty.io.AbstractConnection$ReadCallback.succeeded(AbstractConnection.java:279)
	at org.eclipse.jetty.io.FillInterest.fillable(FillInterest.java:110)
	at org.eclipse.jetty.io.ChannelEndPoint$2.run(ChannelEndPoint.java:124)
	at org.eclipse.jetty.util.thread.Invocable.invokePreferred(Invocable.java:128)
	at org.eclipse.jetty.util.thread.Invocable$InvocableExecutor.invoke(Invocable.java:222)
	at org.eclipse.jetty.util.thread.strategy.EatWhatYouKill.doProduce(EatWhatYouKill.java:294)
	at org.eclipse.jetty.util.thread.strategy.EatWhatYouKill.run(EatWhatYouKill.java:199)
	at org.eclipse.jetty.util.thread.QueuedThreadPool.runJob(QueuedThreadPool.java:672)
	at org.eclipse.jetty.util.thread.QueuedThreadPool$2.run(QueuedThreadPool.java:590)
	at java.lang.Thread.run(Thread.java:745)
Caused by: java.lang.IllegalStateException: STREAMED
	at org.eclipse.jetty.server.Request.getReader(Request.java:1149)
	at javax.servlet.ServletRequestWrapper.getReader(ServletRequestWrapper.java:266)
	at javax.servlet.ServletRequestWrapper.getReader(ServletRequestWrapper.java:266)
	at javax.servlet.ServletRequestWrapper.getReader(ServletRequestWrapper.java:266)
	at javax.servlet.ServletRequestWrapper.getReader(ServletRequestWrapper.java:266)
	at com.hsgene.hdas.cmcs.modules.admin.security.WebMvcConfig$SecurityInterceptor.preHandle(WebMvcConfig.java:93)
	at org.springframework.web.servlet.HandlerExecutionChain.applyPreHandle(HandlerExecutionChain.java:134)
	at org.springframework.web.servlet.DispatcherServlet.doDispatch(DispatcherServlet.java:958)
	at org.springframework.web.servlet.DispatcherServlet.doService(DispatcherServlet.java:897)
	at org.springframework.web.servlet.FrameworkServlet.processRequest(FrameworkServlet.java:970)
	... 89 common frames omitted
===2018-09-19 15:51:19.628 WARN  com.hsgene.hdas.cmcs.modules.admin.security.AuthFilterSecurityInterceptor Line:159 - Could not validate configuration attributes as the SecurityMetadataSource did not return any attributes from getAllConfigAttributes()
===2018-09-19 15:51:37.542 WARN  org.eclipse.jetty.server.HttpChannel Line:510 - /role_auth_resource/get_main_version_auth
org.springframework.web.util.NestedServletException: Request processing failed; nested exception is java.lang.IllegalStateException: STREAMED
	at org.springframework.web.servlet.FrameworkServlet.processRequest(FrameworkServlet.java:982)
	at org.springframework.web.servlet.FrameworkServlet.doPost(FrameworkServlet.java:872)
	at javax.servlet.http.HttpServlet.service(HttpServlet.java:707)
	at org.springframework.web.servlet.FrameworkServlet.service(FrameworkServlet.java:846)
	at javax.servlet.http.HttpServlet.service(HttpServlet.java:790)
	at org.eclipse.jetty.servlet.ServletHolder.handle(ServletHolder.java:841)
	at org.eclipse.jetty.servlet.ServletHandler$CachedChain.doFilter(ServletHandler.java:1634)
	at org.eclipse.jetty.websocket.server.WebSocketUpgradeFilter.doFilter(WebSocketUpgradeFilter.java:206)
	at org.eclipse.jetty.servlet.ServletHandler$CachedChain.doFilter(ServletHandler.java:1621)
	at com.hsgene.hdas.cmcs.modules.admin.security.AuthFilterSecurityInterceptor.invoke(AuthFilterSecurityInterceptor.java:73)
	at com.hsgene.hdas.cmcs.modules.admin.security.AuthFilterSecurityInterceptor.doFilter(AuthFilterSecurityInterceptor.java:61)
	at org.eclipse.jetty.servlet.ServletHandler$CachedChain.doFilter(ServletHandler.java:1621)
	at com.alibaba.druid.support.http.WebStatFilter.doFilter(WebStatFilter.java:123)
	at org.eclipse.jetty.servlet.ServletHandler$CachedChain.doFilter(ServletHandler.java:1621)
	at org.springframework.security.web.FilterChainProxy$VirtualFilterChain.doFilter(FilterChainProxy.java:317)
	at org.springframework.security.web.access.intercept.FilterSecurityInterceptor.invoke(FilterSecurityInterceptor.java:127)
	at org.springframework.security.web.access.intercept.FilterSecurityInterceptor.doFilter(FilterSecurityInterceptor.java:91)
	at org.springframework.security.web.FilterChainProxy$VirtualFilterChain.doFilter(FilterChainProxy.java:331)
	at org.springframework.security.web.access.ExceptionTranslationFilter.doFilter(ExceptionTranslationFilter.java:114)
	at org.springframework.security.web.FilterChainProxy$VirtualFilterChain.doFilter(FilterChainProxy.java:331)
	at org.springframework.security.web.session.SessionManagementFilter.doFilter(SessionManagementFilter.java:137)
	at org.springframework.security.web.FilterChainProxy$VirtualFilterChain.doFilter(FilterChainProxy.java:331)
	at org.springframework.security.web.authentication.AnonymousAuthenticationFilter.doFilter(AnonymousAuthenticationFilter.java:111)
	at org.springframework.security.web.FilterChainProxy$VirtualFilterChain.doFilter(FilterChainProxy.java:331)
	at org.springframework.security.web.servletapi.SecurityContextHolderAwareRequestFilter.doFilter(SecurityContextHolderAwareRequestFilter.java:170)
	at org.springframework.security.web.FilterChainProxy$VirtualFilterChain.doFilter(FilterChainProxy.java:331)
	at org.springframework.security.web.savedrequest.RequestCacheAwareFilter.doFilter(RequestCacheAwareFilter.java:63)
	at org.springframework.security.web.FilterChainProxy$VirtualFilterChain.doFilter(FilterChainProxy.java:331)
	at org.springframework.security.web.session.ConcurrentSessionFilter.doFilter(ConcurrentSessionFilter.java:155)
	at org.springframework.security.web.FilterChainProxy$VirtualFilterChain.doFilter(FilterChainProxy.java:331)
	at org.springframework.security.web.authentication.AbstractAuthenticationProcessingFilter.doFilter(AbstractAuthenticationProcessingFilter.java:200)
	at org.springframework.security.web.FilterChainProxy$VirtualFilterChain.doFilter(FilterChainProxy.java:331)
	at org.springframework.security.web.authentication.logout.LogoutFilter.doFilter(LogoutFilter.java:116)
	at org.springframework.security.web.FilterChainProxy$VirtualFilterChain.doFilter(FilterChainProxy.java:331)
	at org.springframework.security.web.header.HeaderWriterFilter.doFilterInternal(HeaderWriterFilter.java:64)
	at org.springframework.web.filter.OncePerRequestFilter.doFilter(OncePerRequestFilter.java:107)
	at org.springframework.security.web.FilterChainProxy$VirtualFilterChain.doFilter(FilterChainProxy.java:331)
	at org.springframework.security.web.context.SecurityContextPersistenceFilter.doFilter(SecurityContextPersistenceFilter.java:105)
	at org.springframework.security.web.FilterChainProxy$VirtualFilterChain.doFilter(FilterChainProxy.java:331)
	at org.springframework.security.web.context.request.async.WebAsyncManagerIntegrationFilter.doFilterInternal(WebAsyncManagerIntegrationFilter.java:56)
	at org.springframework.web.filter.OncePerRequestFilter.doFilter(OncePerRequestFilter.java:107)
	at org.springframework.security.web.FilterChainProxy$VirtualFilterChain.doFilter(FilterChainProxy.java:331)
	at org.springframework.security.web.FilterChainProxy.doFilterInternal(FilterChainProxy.java:214)
	at org.springframework.security.web.FilterChainProxy.doFilter(FilterChainProxy.java:177)
	at org.springframework.web.filter.DelegatingFilterProxy.invokeDelegate(DelegatingFilterProxy.java:346)
	at org.springframework.web.filter.DelegatingFilterProxy.doFilter(DelegatingFilterProxy.java:262)
	at org.eclipse.jetty.servlet.ServletHandler$CachedChain.doFilter(ServletHandler.java:1621)
	at org.springframework.web.filter.RequestContextFilter.doFilterInternal(RequestContextFilter.java:99)
	at org.springframework.web.filter.OncePerRequestFilter.doFilter(OncePerRequestFilter.java:107)
	at org.eclipse.jetty.servlet.ServletHandler$CachedChain.doFilter(ServletHandler.java:1621)
	at org.springframework.web.filter.HttpPutFormContentFilter.doFilterInternal(HttpPutFormContentFilter.java:105)
	at org.springframework.web.filter.OncePerRequestFilter.doFilter(OncePerRequestFilter.java:107)
	at org.eclipse.jetty.servlet.ServletHandler$CachedChain.doFilter(ServletHandler.java:1621)
	at org.springframework.web.filter.HiddenHttpMethodFilter.doFilterInternal(HiddenHttpMethodFilter.java:81)
	at org.springframework.web.filter.OncePerRequestFilter.doFilter(OncePerRequestFilter.java:107)
	at org.eclipse.jetty.servlet.ServletHandler$CachedChain.doFilter(ServletHandler.java:1621)
	at org.springframework.session.web.http.SessionRepositoryFilter.doFilterInternal(SessionRepositoryFilter.java:167)
	at org.springframework.session.web.http.OncePerRequestFilter.doFilter(OncePerRequestFilter.java:80)
	at org.eclipse.jetty.servlet.ServletHandler$CachedChain.doFilter(ServletHandler.java:1621)
	at org.springframework.web.filter.CharacterEncodingFilter.doFilterInternal(CharacterEncodingFilter.java:197)
	at org.springframework.web.filter.OncePerRequestFilter.doFilter(OncePerRequestFilter.java:107)
	at org.eclipse.jetty.servlet.ServletHandler$CachedChain.doFilter(ServletHandler.java:1621)
	at org.eclipse.jetty.servlet.ServletHandler.doHandle(ServletHandler.java:541)
	at org.eclipse.jetty.server.handler.ScopedHandler.handle(ScopedHandler.java:143)
	at org.eclipse.jetty.security.SecurityHandler.handle(SecurityHandler.java:548)
	at org.eclipse.jetty.server.handler.HandlerWrapper.handle(HandlerWrapper.java:132)
	at org.eclipse.jetty.server.handler.ScopedHandler.nextHandle(ScopedHandler.java:190)
	at org.eclipse.jetty.server.session.SessionHandler.doHandle(SessionHandler.java:1595)
	at org.eclipse.jetty.server.handler.ScopedHandler.nextHandle(ScopedHandler.java:188)
	at org.eclipse.jetty.server.handler.ContextHandler.doHandle(ContextHandler.java:1253)
	at org.eclipse.jetty.server.handler.ScopedHandler.nextScope(ScopedHandler.java:168)
	at org.eclipse.jetty.servlet.ServletHandler.doScope(ServletHandler.java:481)
	at org.eclipse.jetty.server.session.SessionHandler.doScope(SessionHandler.java:1564)
	at org.eclipse.jetty.server.handler.ScopedHandler.nextScope(ScopedHandler.java:166)
	at org.eclipse.jetty.server.handler.ContextHandler.doScope(ContextHandler.java:1155)
	at org.eclipse.jetty.server.handler.ScopedHandler.handle(ScopedHandler.java:141)
	at org.eclipse.jetty.server.handler.HandlerWrapper.handle(HandlerWrapper.java:132)
	at org.eclipse.jetty.server.Server.handle(Server.java:564)
	at org.eclipse.jetty.server.HttpChannel.handle(HttpChannel.java:317)
	at org.eclipse.jetty.server.HttpConnection.onFillable(HttpConnection.java:251)
	at org.eclipse.jetty.io.AbstractConnection$ReadCallback.succeeded(AbstractConnection.java:279)
	at org.eclipse.jetty.io.FillInterest.fillable(FillInterest.java:110)
	at org.eclipse.jetty.io.ChannelEndPoint$2.run(ChannelEndPoint.java:124)
	at org.eclipse.jetty.util.thread.Invocable.invokePreferred(Invocable.java:128)
	at org.eclipse.jetty.util.thread.Invocable$InvocableExecutor.invoke(Invocable.java:222)
	at org.eclipse.jetty.util.thread.strategy.EatWhatYouKill.doProduce(EatWhatYouKill.java:294)
	at org.eclipse.jetty.util.thread.strategy.EatWhatYouKill.run(EatWhatYouKill.java:199)
	at org.eclipse.jetty.util.thread.QueuedThreadPool.runJob(QueuedThreadPool.java:672)
	at org.eclipse.jetty.util.thread.QueuedThreadPool$2.run(QueuedThreadPool.java:590)
	at java.lang.Thread.run(Thread.java:745)
Caused by: java.lang.IllegalStateException: STREAMED
	at org.eclipse.jetty.server.Request.getReader(Request.java:1149)
	at javax.servlet.ServletRequestWrapper.getReader(ServletRequestWrapper.java:266)
	at javax.servlet.ServletRequestWrapper.getReader(ServletRequestWrapper.java:266)
	at javax.servlet.ServletRequestWrapper.getReader(ServletRequestWrapper.java:266)
	at javax.servlet.ServletRequestWrapper.getReader(ServletRequestWrapper.java:266)
	at com.hsgene.hdas.cmcs.modules.admin.security.WebMvcConfig$SecurityInterceptor.preHandle(WebMvcConfig.java:94)
	at org.springframework.web.servlet.HandlerExecutionChain.applyPreHandle(HandlerExecutionChain.java:134)
	at org.springframework.web.servlet.DispatcherServlet.doDispatch(DispatcherServlet.java:958)
	at org.springframework.web.servlet.DispatcherServlet.doService(DispatcherServlet.java:897)
	at org.springframework.web.servlet.FrameworkServlet.processRequest(FrameworkServlet.java:970)
	... 89 common frames omitted
===2018-09-19 15:54:56.332 WARN  com.hsgene.hdas.cmcs.modules.admin.security.AuthFilterSecurityInterceptor Line:159 - Could not validate configuration attributes as the SecurityMetadataSource did not return any attributes from getAllConfigAttributes()
===2018-09-19 15:55:11.239 WARN  org.eclipse.jetty.server.HttpChannel Line:510 - /role_auth_resource/get_main_version_auth
org.springframework.web.util.NestedServletException: Request processing failed; nested exception is java.lang.IllegalStateException: STREAMED
	at org.springframework.web.servlet.FrameworkServlet.processRequest(FrameworkServlet.java:982)
	at org.springframework.web.servlet.FrameworkServlet.doPost(FrameworkServlet.java:872)
	at javax.servlet.http.HttpServlet.service(HttpServlet.java:707)
	at org.springframework.web.servlet.FrameworkServlet.service(FrameworkServlet.java:846)
	at javax.servlet.http.HttpServlet.service(HttpServlet.java:790)
	at org.eclipse.jetty.servlet.ServletHolder.handle(ServletHolder.java:841)
	at org.eclipse.jetty.servlet.ServletHandler$CachedChain.doFilter(ServletHandler.java:1634)
	at org.eclipse.jetty.websocket.server.WebSocketUpgradeFilter.doFilter(WebSocketUpgradeFilter.java:206)
	at org.eclipse.jetty.servlet.ServletHandler$CachedChain.doFilter(ServletHandler.java:1621)
	at com.hsgene.hdas.cmcs.modules.admin.security.AuthFilterSecurityInterceptor.invoke(AuthFilterSecurityInterceptor.java:73)
	at com.hsgene.hdas.cmcs.modules.admin.security.AuthFilterSecurityInterceptor.doFilter(AuthFilterSecurityInterceptor.java:61)
	at org.eclipse.jetty.servlet.ServletHandler$CachedChain.doFilter(ServletHandler.java:1621)
	at com.alibaba.druid.support.http.WebStatFilter.doFilter(WebStatFilter.java:123)
	at org.eclipse.jetty.servlet.ServletHandler$CachedChain.doFilter(ServletHandler.java:1621)
	at org.springframework.security.web.FilterChainProxy$VirtualFilterChain.doFilter(FilterChainProxy.java:317)
	at org.springframework.security.web.access.intercept.FilterSecurityInterceptor.invoke(FilterSecurityInterceptor.java:127)
	at org.springframework.security.web.access.intercept.FilterSecurityInterceptor.doFilter(FilterSecurityInterceptor.java:91)
	at org.springframework.security.web.FilterChainProxy$VirtualFilterChain.doFilter(FilterChainProxy.java:331)
	at org.springframework.security.web.access.ExceptionTranslationFilter.doFilter(ExceptionTranslationFilter.java:114)
	at org.springframework.security.web.FilterChainProxy$VirtualFilterChain.doFilter(FilterChainProxy.java:331)
	at org.springframework.security.web.session.SessionManagementFilter.doFilter(SessionManagementFilter.java:137)
	at org.springframework.security.web.FilterChainProxy$VirtualFilterChain.doFilter(FilterChainProxy.java:331)
	at org.springframework.security.web.authentication.AnonymousAuthenticationFilter.doFilter(AnonymousAuthenticationFilter.java:111)
	at org.springframework.security.web.FilterChainProxy$VirtualFilterChain.doFilter(FilterChainProxy.java:331)
	at org.springframework.security.web.servletapi.SecurityContextHolderAwareRequestFilter.doFilter(SecurityContextHolderAwareRequestFilter.java:170)
	at org.springframework.security.web.FilterChainProxy$VirtualFilterChain.doFilter(FilterChainProxy.java:331)
	at org.springframework.security.web.savedrequest.RequestCacheAwareFilter.doFilter(RequestCacheAwareFilter.java:63)
	at org.springframework.security.web.FilterChainProxy$VirtualFilterChain.doFilter(FilterChainProxy.java:331)
	at org.springframework.security.web.session.ConcurrentSessionFilter.doFilter(ConcurrentSessionFilter.java:155)
	at org.springframework.security.web.FilterChainProxy$VirtualFilterChain.doFilter(FilterChainProxy.java:331)
	at org.springframework.security.web.authentication.AbstractAuthenticationProcessingFilter.doFilter(AbstractAuthenticationProcessingFilter.java:200)
	at org.springframework.security.web.FilterChainProxy$VirtualFilterChain.doFilter(FilterChainProxy.java:331)
	at org.springframework.security.web.authentication.logout.LogoutFilter.doFilter(LogoutFilter.java:116)
	at org.springframework.security.web.FilterChainProxy$VirtualFilterChain.doFilter(FilterChainProxy.java:331)
	at org.springframework.security.web.header.HeaderWriterFilter.doFilterInternal(HeaderWriterFilter.java:64)
	at org.springframework.web.filter.OncePerRequestFilter.doFilter(OncePerRequestFilter.java:107)
	at org.springframework.security.web.FilterChainProxy$VirtualFilterChain.doFilter(FilterChainProxy.java:331)
	at org.springframework.security.web.context.SecurityContextPersistenceFilter.doFilter(SecurityContextPersistenceFilter.java:105)
	at org.springframework.security.web.FilterChainProxy$VirtualFilterChain.doFilter(FilterChainProxy.java:331)
	at org.springframework.security.web.context.request.async.WebAsyncManagerIntegrationFilter.doFilterInternal(WebAsyncManagerIntegrationFilter.java:56)
	at org.springframework.web.filter.OncePerRequestFilter.doFilter(OncePerRequestFilter.java:107)
	at org.springframework.security.web.FilterChainProxy$VirtualFilterChain.doFilter(FilterChainProxy.java:331)
	at org.springframework.security.web.FilterChainProxy.doFilterInternal(FilterChainProxy.java:214)
	at org.springframework.security.web.FilterChainProxy.doFilter(FilterChainProxy.java:177)
	at org.springframework.web.filter.DelegatingFilterProxy.invokeDelegate(DelegatingFilterProxy.java:346)
	at org.springframework.web.filter.DelegatingFilterProxy.doFilter(DelegatingFilterProxy.java:262)
	at org.eclipse.jetty.servlet.ServletHandler$CachedChain.doFilter(ServletHandler.java:1621)
	at org.springframework.web.filter.RequestContextFilter.doFilterInternal(RequestContextFilter.java:99)
	at org.springframework.web.filter.OncePerRequestFilter.doFilter(OncePerRequestFilter.java:107)
	at org.eclipse.jetty.servlet.ServletHandler$CachedChain.doFilter(ServletHandler.java:1621)
	at org.springframework.web.filter.HttpPutFormContentFilter.doFilterInternal(HttpPutFormContentFilter.java:105)
	at org.springframework.web.filter.OncePerRequestFilter.doFilter(OncePerRequestFilter.java:107)
	at org.eclipse.jetty.servlet.ServletHandler$CachedChain.doFilter(ServletHandler.java:1621)
	at org.springframework.web.filter.HiddenHttpMethodFilter.doFilterInternal(HiddenHttpMethodFilter.java:81)
	at org.springframework.web.filter.OncePerRequestFilter.doFilter(OncePerRequestFilter.java:107)
	at org.eclipse.jetty.servlet.ServletHandler$CachedChain.doFilter(ServletHandler.java:1621)
	at org.springframework.session.web.http.SessionRepositoryFilter.doFilterInternal(SessionRepositoryFilter.java:167)
	at org.springframework.session.web.http.OncePerRequestFilter.doFilter(OncePerRequestFilter.java:80)
	at org.eclipse.jetty.servlet.ServletHandler$CachedChain.doFilter(ServletHandler.java:1621)
	at org.springframework.web.filter.CharacterEncodingFilter.doFilterInternal(CharacterEncodingFilter.java:197)
	at org.springframework.web.filter.OncePerRequestFilter.doFilter(OncePerRequestFilter.java:107)
	at org.eclipse.jetty.servlet.ServletHandler$CachedChain.doFilter(ServletHandler.java:1621)
	at org.eclipse.jetty.servlet.ServletHandler.doHandle(ServletHandler.java:541)
	at org.eclipse.jetty.server.handler.ScopedHandler.handle(ScopedHandler.java:143)
	at org.eclipse.jetty.security.SecurityHandler.handle(SecurityHandler.java:548)
	at org.eclipse.jetty.server.handler.HandlerWrapper.handle(HandlerWrapper.java:132)
	at org.eclipse.jetty.server.handler.ScopedHandler.nextHandle(ScopedHandler.java:190)
	at org.eclipse.jetty.server.session.SessionHandler.doHandle(SessionHandler.java:1595)
	at org.eclipse.jetty.server.handler.ScopedHandler.nextHandle(ScopedHandler.java:188)
	at org.eclipse.jetty.server.handler.ContextHandler.doHandle(ContextHandler.java:1253)
	at org.eclipse.jetty.server.handler.ScopedHandler.nextScope(ScopedHandler.java:168)
	at org.eclipse.jetty.servlet.ServletHandler.doScope(ServletHandler.java:481)
	at org.eclipse.jetty.server.session.SessionHandler.doScope(SessionHandler.java:1564)
	at org.eclipse.jetty.server.handler.ScopedHandler.nextScope(ScopedHandler.java:166)
	at org.eclipse.jetty.server.handler.ContextHandler.doScope(ContextHandler.java:1155)
	at org.eclipse.jetty.server.handler.ScopedHandler.handle(ScopedHandler.java:141)
	at org.eclipse.jetty.server.handler.HandlerWrapper.handle(HandlerWrapper.java:132)
	at org.eclipse.jetty.server.Server.handle(Server.java:564)
	at org.eclipse.jetty.server.HttpChannel.handle(HttpChannel.java:317)
	at org.eclipse.jetty.server.HttpConnection.onFillable(HttpConnection.java:251)
	at org.eclipse.jetty.io.AbstractConnection$ReadCallback.succeeded(AbstractConnection.java:279)
	at org.eclipse.jetty.io.FillInterest.fillable(FillInterest.java:110)
	at org.eclipse.jetty.io.ChannelEndPoint$2.run(ChannelEndPoint.java:124)
	at org.eclipse.jetty.util.thread.Invocable.invokePreferred(Invocable.java:128)
	at org.eclipse.jetty.util.thread.Invocable$InvocableExecutor.invoke(Invocable.java:222)
	at org.eclipse.jetty.util.thread.strategy.EatWhatYouKill.doProduce(EatWhatYouKill.java:294)
	at org.eclipse.jetty.util.thread.strategy.EatWhatYouKill.run(EatWhatYouKill.java:199)
	at org.eclipse.jetty.util.thread.QueuedThreadPool.runJob(QueuedThreadPool.java:672)
	at org.eclipse.jetty.util.thread.QueuedThreadPool$2.run(QueuedThreadPool.java:590)
	at java.lang.Thread.run(Thread.java:745)
Caused by: java.lang.IllegalStateException: STREAMED
	at org.eclipse.jetty.server.Request.getReader(Request.java:1149)
	at javax.servlet.ServletRequestWrapper.getReader(ServletRequestWrapper.java:266)
	at javax.servlet.ServletRequestWrapper.getReader(ServletRequestWrapper.java:266)
	at javax.servlet.ServletRequestWrapper.getReader(ServletRequestWrapper.java:266)
	at javax.servlet.ServletRequestWrapper.getReader(ServletRequestWrapper.java:266)
	at com.hsgene.hdas.cmcs.modules.admin.security.WebMvcConfig$SecurityInterceptor.preHandle(WebMvcConfig.java:94)
	at org.springframework.web.servlet.HandlerExecutionChain.applyPreHandle(HandlerExecutionChain.java:134)
	at org.springframework.web.servlet.DispatcherServlet.doDispatch(DispatcherServlet.java:958)
	at org.springframework.web.servlet.DispatcherServlet.doService(DispatcherServlet.java:897)
	at org.springframework.web.servlet.FrameworkServlet.processRequest(FrameworkServlet.java:970)
	... 89 common frames omitted
===2018-09-19 16:00:03.297 WARN  com.hsgene.hdas.cmcs.modules.admin.security.AuthFilterSecurityInterceptor Line:159 - Could not validate configuration attributes as the SecurityMetadataSource did not return any attributes from getAllConfigAttributes()
===2018-09-19 16:01:01.353 WARN  com.hsgene.hdas.cmcs.modules.admin.security.AuthFilterSecurityInterceptor Line:159 - Could not validate configuration attributes as the SecurityMetadataSource did not return any attributes from getAllConfigAttributes()
===2018-09-19 16:01:32.742 WARN  org.eclipse.jetty.server.HttpChannel Line:510 - /role_auth_resource/get_main_version_auth
org.springframework.web.util.NestedServletException: Request processing failed; nested exception is java.lang.IllegalStateException: STREAMED
	at org.springframework.web.servlet.FrameworkServlet.processRequest(FrameworkServlet.java:982)
	at org.springframework.web.servlet.FrameworkServlet.doPost(FrameworkServlet.java:872)
	at javax.servlet.http.HttpServlet.service(HttpServlet.java:707)
	at org.springframework.web.servlet.FrameworkServlet.service(FrameworkServlet.java:846)
	at javax.servlet.http.HttpServlet.service(HttpServlet.java:790)
	at org.eclipse.jetty.servlet.ServletHolder.handle(ServletHolder.java:841)
	at org.eclipse.jetty.servlet.ServletHandler$CachedChain.doFilter(ServletHandler.java:1634)
	at org.eclipse.jetty.websocket.server.WebSocketUpgradeFilter.doFilter(WebSocketUpgradeFilter.java:206)
	at org.eclipse.jetty.servlet.ServletHandler$CachedChain.doFilter(ServletHandler.java:1621)
	at com.hsgene.hdas.cmcs.modules.admin.security.AuthFilterSecurityInterceptor.invoke(AuthFilterSecurityInterceptor.java:73)
	at com.hsgene.hdas.cmcs.modules.admin.security.AuthFilterSecurityInterceptor.doFilter(AuthFilterSecurityInterceptor.java:61)
	at org.eclipse.jetty.servlet.ServletHandler$CachedChain.doFilter(ServletHandler.java:1621)
	at com.alibaba.druid.support.http.WebStatFilter.doFilter(WebStatFilter.java:123)
	at org.eclipse.jetty.servlet.ServletHandler$CachedChain.doFilter(ServletHandler.java:1621)
	at org.springframework.security.web.FilterChainProxy$VirtualFilterChain.doFilter(FilterChainProxy.java:317)
	at org.springframework.security.web.access.intercept.FilterSecurityInterceptor.invoke(FilterSecurityInterceptor.java:127)
	at org.springframework.security.web.access.intercept.FilterSecurityInterceptor.doFilter(FilterSecurityInterceptor.java:91)
	at org.springframework.security.web.FilterChainProxy$VirtualFilterChain.doFilter(FilterChainProxy.java:331)
	at org.springframework.security.web.access.ExceptionTranslationFilter.doFilter(ExceptionTranslationFilter.java:114)
	at org.springframework.security.web.FilterChainProxy$VirtualFilterChain.doFilter(FilterChainProxy.java:331)
	at org.springframework.security.web.session.SessionManagementFilter.doFilter(SessionManagementFilter.java:137)
	at org.springframework.security.web.FilterChainProxy$VirtualFilterChain.doFilter(FilterChainProxy.java:331)
	at org.springframework.security.web.authentication.AnonymousAuthenticationFilter.doFilter(AnonymousAuthenticationFilter.java:111)
	at org.springframework.security.web.FilterChainProxy$VirtualFilterChain.doFilter(FilterChainProxy.java:331)
	at org.springframework.security.web.servletapi.SecurityContextHolderAwareRequestFilter.doFilter(SecurityContextHolderAwareRequestFilter.java:170)
	at org.springframework.security.web.FilterChainProxy$VirtualFilterChain.doFilter(FilterChainProxy.java:331)
	at org.springframework.security.web.savedrequest.RequestCacheAwareFilter.doFilter(RequestCacheAwareFilter.java:63)
	at org.springframework.security.web.FilterChainProxy$VirtualFilterChain.doFilter(FilterChainProxy.java:331)
	at org.springframework.security.web.session.ConcurrentSessionFilter.doFilter(ConcurrentSessionFilter.java:155)
	at org.springframework.security.web.FilterChainProxy$VirtualFilterChain.doFilter(FilterChainProxy.java:331)
	at org.springframework.security.web.authentication.AbstractAuthenticationProcessingFilter.doFilter(AbstractAuthenticationProcessingFilter.java:200)
	at org.springframework.security.web.FilterChainProxy$VirtualFilterChain.doFilter(FilterChainProxy.java:331)
	at org.springframework.security.web.authentication.logout.LogoutFilter.doFilter(LogoutFilter.java:116)
	at org.springframework.security.web.FilterChainProxy$VirtualFilterChain.doFilter(FilterChainProxy.java:331)
	at org.springframework.security.web.header.HeaderWriterFilter.doFilterInternal(HeaderWriterFilter.java:64)
	at org.springframework.web.filter.OncePerRequestFilter.doFilter(OncePerRequestFilter.java:107)
	at org.springframework.security.web.FilterChainProxy$VirtualFilterChain.doFilter(FilterChainProxy.java:331)
	at org.springframework.security.web.context.SecurityContextPersistenceFilter.doFilter(SecurityContextPersistenceFilter.java:105)
	at org.springframework.security.web.FilterChainProxy$VirtualFilterChain.doFilter(FilterChainProxy.java:331)
	at org.springframework.security.web.context.request.async.WebAsyncManagerIntegrationFilter.doFilterInternal(WebAsyncManagerIntegrationFilter.java:56)
	at org.springframework.web.filter.OncePerRequestFilter.doFilter(OncePerRequestFilter.java:107)
	at org.springframework.security.web.FilterChainProxy$VirtualFilterChain.doFilter(FilterChainProxy.java:331)
	at org.springframework.security.web.FilterChainProxy.doFilterInternal(FilterChainProxy.java:214)
	at org.springframework.security.web.FilterChainProxy.doFilter(FilterChainProxy.java:177)
	at org.springframework.web.filter.DelegatingFilterProxy.invokeDelegate(DelegatingFilterProxy.java:346)
	at org.springframework.web.filter.DelegatingFilterProxy.doFilter(DelegatingFilterProxy.java:262)
	at org.eclipse.jetty.servlet.ServletHandler$CachedChain.doFilter(ServletHandler.java:1621)
	at org.springframework.web.filter.RequestContextFilter.doFilterInternal(RequestContextFilter.java:99)
	at org.springframework.web.filter.OncePerRequestFilter.doFilter(OncePerRequestFilter.java:107)
	at org.eclipse.jetty.servlet.ServletHandler$CachedChain.doFilter(ServletHandler.java:1621)
	at org.springframework.web.filter.HttpPutFormContentFilter.doFilterInternal(HttpPutFormContentFilter.java:105)
	at org.springframework.web.filter.OncePerRequestFilter.doFilter(OncePerRequestFilter.java:107)
	at org.eclipse.jetty.servlet.ServletHandler$CachedChain.doFilter(ServletHandler.java:1621)
	at org.springframework.web.filter.HiddenHttpMethodFilter.doFilterInternal(HiddenHttpMethodFilter.java:81)
	at org.springframework.web.filter.OncePerRequestFilter.doFilter(OncePerRequestFilter.java:107)
	at org.eclipse.jetty.servlet.ServletHandler$CachedChain.doFilter(ServletHandler.java:1621)
	at org.springframework.session.web.http.SessionRepositoryFilter.doFilterInternal(SessionRepositoryFilter.java:167)
	at org.springframework.session.web.http.OncePerRequestFilter.doFilter(OncePerRequestFilter.java:80)
	at org.eclipse.jetty.servlet.ServletHandler$CachedChain.doFilter(ServletHandler.java:1621)
	at org.springframework.web.filter.CharacterEncodingFilter.doFilterInternal(CharacterEncodingFilter.java:197)
	at org.springframework.web.filter.OncePerRequestFilter.doFilter(OncePerRequestFilter.java:107)
	at org.eclipse.jetty.servlet.ServletHandler$CachedChain.doFilter(ServletHandler.java:1621)
	at org.eclipse.jetty.servlet.ServletHandler.doHandle(ServletHandler.java:541)
	at org.eclipse.jetty.server.handler.ScopedHandler.handle(ScopedHandler.java:143)
	at org.eclipse.jetty.security.SecurityHandler.handle(SecurityHandler.java:548)
	at org.eclipse.jetty.server.handler.HandlerWrapper.handle(HandlerWrapper.java:132)
	at org.eclipse.jetty.server.handler.ScopedHandler.nextHandle(ScopedHandler.java:190)
	at org.eclipse.jetty.server.session.SessionHandler.doHandle(SessionHandler.java:1595)
	at org.eclipse.jetty.server.handler.ScopedHandler.nextHandle(ScopedHandler.java:188)
	at org.eclipse.jetty.server.handler.ContextHandler.doHandle(ContextHandler.java:1253)
	at org.eclipse.jetty.server.handler.ScopedHandler.nextScope(ScopedHandler.java:168)
	at org.eclipse.jetty.servlet.ServletHandler.doScope(ServletHandler.java:481)
	at org.eclipse.jetty.server.session.SessionHandler.doScope(SessionHandler.java:1564)
	at org.eclipse.jetty.server.handler.ScopedHandler.nextScope(ScopedHandler.java:166)
	at org.eclipse.jetty.server.handler.ContextHandler.doScope(ContextHandler.java:1155)
	at org.eclipse.jetty.server.handler.ScopedHandler.handle(ScopedHandler.java:141)
	at org.eclipse.jetty.server.handler.HandlerWrapper.handle(HandlerWrapper.java:132)
	at org.eclipse.jetty.server.Server.handle(Server.java:564)
	at org.eclipse.jetty.server.HttpChannel.handle(HttpChannel.java:317)
	at org.eclipse.jetty.server.HttpConnection.onFillable(HttpConnection.java:251)
	at org.eclipse.jetty.io.AbstractConnection$ReadCallback.succeeded(AbstractConnection.java:279)
	at org.eclipse.jetty.io.FillInterest.fillable(FillInterest.java:110)
	at org.eclipse.jetty.io.ChannelEndPoint$2.run(ChannelEndPoint.java:124)
	at org.eclipse.jetty.util.thread.Invocable.invokePreferred(Invocable.java:128)
	at org.eclipse.jetty.util.thread.Invocable$InvocableExecutor.invoke(Invocable.java:222)
	at org.eclipse.jetty.util.thread.strategy.EatWhatYouKill.doProduce(EatWhatYouKill.java:294)
	at org.eclipse.jetty.util.thread.strategy.EatWhatYouKill.run(EatWhatYouKill.java:199)
	at org.eclipse.jetty.util.thread.QueuedThreadPool.runJob(QueuedThreadPool.java:672)
	at org.eclipse.jetty.util.thread.QueuedThreadPool$2.run(QueuedThreadPool.java:590)
	at java.lang.Thread.run(Thread.java:745)
Caused by: java.lang.IllegalStateException: STREAMED
	at org.eclipse.jetty.server.Request.getReader(Request.java:1149)
	at javax.servlet.ServletRequestWrapper.getReader(ServletRequestWrapper.java:266)
	at javax.servlet.ServletRequestWrapper.getReader(ServletRequestWrapper.java:266)
	at javax.servlet.ServletRequestWrapper.getReader(ServletRequestWrapper.java:266)
	at javax.servlet.ServletRequestWrapper.getReader(ServletRequestWrapper.java:266)
	at org.springframework.web.servlet.mvc.method.annotation.ServletRequestMethodArgumentResolver.resolveArgument(ServletRequestMethodArgumentResolver.java:118)
	at org.springframework.web.method.support.HandlerMethodArgumentResolverComposite.resolveArgument(HandlerMethodArgumentResolverComposite.java:121)
	at org.springframework.web.method.support.InvocableHandlerMethod.getMethodArgumentValues(InvocableHandlerMethod.java:158)
	at org.springframework.web.method.support.InvocableHandlerMethod.invokeForRequest(InvocableHandlerMethod.java:128)
	at org.springframework.web.servlet.mvc.method.annotation.ServletInvocableHandlerMethod.invokeAndHandle(ServletInvocableHandlerMethod.java:97)
	at org.springframework.web.servlet.mvc.method.annotation.RequestMappingHandlerAdapter.invokeHandlerMethod(RequestMappingHandlerAdapter.java:827)
	at org.springframework.web.servlet.mvc.method.annotation.RequestMappingHandlerAdapter.handleInternal(RequestMappingHandlerAdapter.java:738)
	at org.springframework.web.servlet.mvc.method.AbstractHandlerMethodAdapter.handle(AbstractHandlerMethodAdapter.java:85)
	at org.springframework.web.servlet.DispatcherServlet.doDispatch(DispatcherServlet.java:963)
	at org.springframework.web.servlet.DispatcherServlet.doService(DispatcherServlet.java:897)
	at org.springframework.web.servlet.FrameworkServlet.processRequest(FrameworkServlet.java:970)
	... 89 common frames omitted
===2018-09-19 16:01:59.306 WARN  com.hsgene.hdas.cmcs.modules.admin.security.AuthFilterSecurityInterceptor Line:159 - Could not validate configuration attributes as the SecurityMetadataSource did not return any attributes from getAllConfigAttributes()
===2018-09-19 16:07:09.559 WARN  com.hsgene.hdas.cmcs.modules.admin.security.AuthFilterSecurityInterceptor Line:159 - Could not validate configuration attributes as the SecurityMetadataSource did not return any attributes from getAllConfigAttributes()
===2018-09-19 16:14:48.671 WARN  com.hsgene.hdas.cmcs.modules.admin.security.AuthFilterSecurityInterceptor Line:159 - Could not validate configuration attributes as the SecurityMetadataSource did not return any attributes from getAllConfigAttributes()
===2018-09-19 16:19:14.753 WARN  com.hsgene.hdas.cmcs.modules.admin.security.AuthFilterSecurityInterceptor Line:159 - Could not validate configuration attributes as the SecurityMetadataSource did not return any attributes from getAllConfigAttributes()
===2018-09-19 16:21:45.979 WARN  com.hsgene.hdas.cmcs.modules.admin.security.AuthFilterSecurityInterceptor Line:159 - Could not validate configuration attributes as the SecurityMetadataSource did not return any attributes from getAllConfigAttributes()
===2018-09-19 16:23:03.475 WARN  com.hsgene.hdas.cmcs.modules.admin.security.AuthFilterSecurityInterceptor Line:159 - Could not validate configuration attributes as the SecurityMetadataSource did not return any attributes from getAllConfigAttributes()
===2018-09-19 16:23:23.647 WARN  com.hsgene.hdas.cmcs.modules.admin.security.AuthFilterSecurityInterceptor Line:159 - Could not validate configuration attributes as the SecurityMetadataSource did not return any attributes from getAllConfigAttributes()
===2018-09-19 16:40:32.644 WARN  com.hsgene.hdas.cmcs.modules.admin.security.AuthFilterSecurityInterceptor Line:159 - Could not validate configuration attributes as the SecurityMetadataSource did not return any attributes from getAllConfigAttributes()
===2018-09-19 16:41:00.357 WARN  org.springframework.web.servlet.mvc.support.DefaultHandlerExceptionResolver Line:384 - Failed to read HTTP message: org.springframework.http.converter.HttpMessageNotReadableException: Required request body is missing: public java.lang.Object com.hsgene.hdas.cmcs.modules.admin.controller.RoleAuthResourceController.update(com.alibaba.fastjson.JSONObject)
===2018-09-19 16:41:00.433 WARN  org.springframework.web.servlet.mvc.support.DefaultHandlerExceptionResolver Line:189 - Resolved exception caused by Handler execution: org.springframework.http.converter.HttpMessageNotReadableException: Required request body is missing: public java.lang.Object com.hsgene.hdas.cmcs.modules.admin.controller.RoleAuthResourceController.update(com.alibaba.fastjson.JSONObject)
===2018-09-19 16:41:45.308 WARN  com.hsgene.hdas.cmcs.modules.admin.security.AuthFilterSecurityInterceptor Line:159 - Could not validate configuration attributes as the SecurityMetadataSource did not return any attributes from getAllConfigAttributes()
===2018-09-19 16:42:11.614 WARN  com.hsgene.hdas.cmcs.modules.admin.security.AuthFilterSecurityInterceptor Line:159 - Could not validate configuration attributes as the SecurityMetadataSource did not return any attributes from getAllConfigAttributes()
===2018-09-19 16:44:13.548 WARN  com.hsgene.hdas.cmcs.modules.admin.security.AuthFilterSecurityInterceptor Line:159 - Could not validate configuration attributes as the SecurityMetadataSource did not return any attributes from getAllConfigAttributes()
===2018-09-19 16:44:59.882 WARN  org.springframework.web.servlet.mvc.support.DefaultHandlerExceptionResolver Line:384 - Failed to read HTTP message: org.springframework.http.converter.HttpMessageNotReadableException: Required request body is missing: public java.lang.Object com.hsgene.hdas.cmcs.modules.admin.controller.RoleAuthResourceController.update(com.alibaba.fastjson.JSONObject)
===2018-09-19 16:45:00.096 WARN  org.springframework.web.servlet.mvc.support.DefaultHandlerExceptionResolver Line:189 - Resolved exception caused by Handler execution: org.springframework.http.converter.HttpMessageNotReadableException: Required request body is missing: public java.lang.Object com.hsgene.hdas.cmcs.modules.admin.controller.RoleAuthResourceController.update(com.alibaba.fastjson.JSONObject)
===2018-09-19 16:54:13.090 WARN  com.hsgene.hdas.cmcs.modules.admin.security.AuthFilterSecurityInterceptor Line:159 - Could not validate configuration attributes as the SecurityMetadataSource did not return any attributes from getAllConfigAttributes()
===2018-09-19 17:49:24.300 WARN  org.springframework.boot.context.embedded.AnnotationConfigEmbeddedWebApplicationContext Line:550 - Exception encountered during context initialization - cancelling refresh attempt: org.springframework.beans.factory.BeanCreationException: Error creating bean with name 'org.springframework.scheduling.annotation.SchedulingConfiguration': Post-processing of merged bean definition failed; nested exception is java.lang.NoSuchMethodError: org.springframework.beans.factory.annotation.InjectionMetadata.<init>(Ljava/lang/Class;)V
===2018-09-19 17:50:33.973 WARN  org.springframework.boot.context.embedded.AnnotationConfigEmbeddedWebApplicationContext Line:550 - Exception encountered during context initialization - cancelling refresh attempt: org.springframework.beans.factory.BeanCreationException: Error creating bean with name 'org.springframework.scheduling.annotation.SchedulingConfiguration': Post-processing of merged bean definition failed; nested exception is java.lang.NoSuchMethodError: org.springframework.beans.factory.annotation.InjectionMetadata.<init>(Ljava/lang/Class;)V
===2018-09-19 17:51:40.634 WARN  com.hsgene.hdas.cmcs.modules.admin.security.AuthFilterSecurityInterceptor Line:159 - Could not validate configuration attributes as the SecurityMetadataSource did not return any attributes from getAllConfigAttributes()
===2018-09-19 17:52:34.907 WARN  org.springframework.boot.context.embedded.AnnotationConfigEmbeddedWebApplicationContext Line:550 - Exception encountered during context initialization - cancelling refresh attempt: org.springframework.beans.factory.BeanCreationException: Error creating bean with name 'org.springframework.scheduling.annotation.SchedulingConfiguration': Post-processing of merged bean definition failed; nested exception is java.lang.NoSuchMethodError: org.springframework.beans.factory.annotation.InjectionMetadata.<init>(Ljava/lang/Class;)V
===2018-09-19 18:00:21.581 WARN  org.springframework.boot.context.embedded.AnnotationConfigEmbeddedWebApplicationContext Line:550 - Exception encountered during context initialization - cancelling refresh attempt: org.springframework.beans.factory.BeanCreationException: Error creating bean with name 'org.springframework.scheduling.annotation.SchedulingConfiguration': Post-processing of merged bean definition failed; nested exception is java.lang.NoSuchMethodError: org.springframework.beans.factory.annotation.InjectionMetadata.<init>(Ljava/lang/Class;)V
===2018-09-19 18:12:53.272 WARN  org.springframework.boot.context.embedded.AnnotationConfigEmbeddedWebApplicationContext Line:550 - Exception encountered during context initialization - cancelling refresh attempt: org.springframework.beans.factory.BeanCreationException: Error creating bean with name 'org.springframework.scheduling.annotation.SchedulingConfiguration': Post-processing of merged bean definition failed; nested exception is java.lang.NoSuchMethodError: org.springframework.beans.factory.annotation.InjectionMetadata.<init>(Ljava/lang/Class;)V
===2018-09-19 18:22:58.636 WARN  org.springframework.boot.context.embedded.AnnotationConfigEmbeddedWebApplicationContext Line:550 - Exception encountered during context initialization - cancelling refresh attempt: org.springframework.beans.factory.BeanCreationException: Error creating bean with name 'org.springframework.scheduling.annotation.SchedulingConfiguration': Post-processing of merged bean definition failed; nested exception is java.lang.NoSuchMethodError: org.springframework.beans.factory.annotation.InjectionMetadata.<init>(Ljava/lang/Class;)V
