===2018-09-28 08:51:19.281 INFO  com.hsgene.hdas.cmcs.modules.admin.AdminApplication Line:48  - Starting AdminApplication on DESKTOP-8RT6NG5 with PID 14496 (D:\github\hdas-cmcs\hdas-cmcs-module-admin\target\classes started by zgh in D:\github\hdas-cmcs)
===2018-09-28 08:51:19.288 INFO  com.hsgene.hdas.cmcs.modules.admin.AdminApplication Line:641 - The following profiles are active: dev
===2018-09-28 08:51:19.488 INFO  org.hibernate.validator.internal.util.Version Line:30  - HV000001: Hibernate Validator 5.3.5.Final
===2018-09-28 08:51:21.529 INFO  com.hsgene.hdas.cmcs.modules.common.datasource.DynamicDataSourceRegister Line:65  - Dynamic DataSource Registry
===2018-09-28 08:51:23.083 INFO  org.eclipse.jetty.util.log Line:192 - Logging initialized @5645ms to org.eclipse.jetty.util.log.Slf4jLog
===2018-09-28 08:51:23.522 INFO  org.eclipse.jetty.server.Server Line:372 - jetty-9.4.4.v20170414
===2018-09-28 08:51:23.640 INFO  org.eclipse.jetty.server.session Line:364 - DefaultSessionIdManager workerName=node0
===2018-09-28 08:51:23.640 INFO  org.eclipse.jetty.server.session Line:369 - No SessionScavenger set, using defaults
===2018-09-28 08:51:23.643 INFO  org.eclipse.jetty.server.session Line:149 - Scavenging every 600000ms
===2018-09-28 08:51:23.649 INFO  org.eclipse.jetty.server.handler.ContextHandler.application Line:2221 - Initializing Spring embedded WebApplicationContext
===2018-09-28 08:51:24.547 INFO  org.eclipse.jetty.server.handler.ContextHandler Line:788 - Started o.s.b.c.e.j.JettyEmbeddedWebAppContext@4b6fa0a1{/,[file:///C:/Users/zgh/AppData/Local/Temp/jetty-docbase.2455545803212230745.80/],AVAILABLE}
===2018-09-28 08:51:24.548 INFO  org.eclipse.jetty.server.Server Line:444 - Started @7110ms
===2018-09-28 08:51:28.608 INFO  org.eclipse.jetty.server.handler.ContextHandler.application Line:2221 - Initializing Spring FrameworkServlet 'dispatcherServlet'
===2018-09-28 08:51:28.646 INFO  org.eclipse.jetty.server.AbstractConnector Line:280 - Started ServerConnector@7a94fb6b{HTTP/1.1,[http/1.1]}{0.0.0.0:80}
===2018-09-28 08:51:28.654 INFO  com.hsgene.hdas.cmcs.modules.admin.AdminApplication Line:57  - Started AdminApplication in 10.161 seconds (JVM running for 11.217)
===2018-09-28 08:51:54.872 INFO  com.alibaba.druid.pool.DruidDataSource Line:928 - {dataSource-1} inited
===2018-09-28 08:51:55.515 INFO  com.alibaba.druid.pool.DruidDataSource Line:1823 - {dataSource-1} closed
===2018-09-28 08:51:55.537 INFO  com.alibaba.druid.pool.DruidDataSource Line:928 - {dataSource-2} inited
===2018-09-28 08:51:55.560 INFO  com.alibaba.druid.pool.DruidDataSource Line:1823 - {dataSource-2} closed
===2018-09-28 08:51:55.741 INFO  org.thymeleaf.TemplateEngine Line:825 - [THYMELEAF] INITIALIZING TEMPLATE ENGINE
===2018-09-28 08:51:56.039 INFO  org.thymeleaf.templateresolver.AbstractTemplateResolver Line:99  - [THYMELEAF] INITIALIZING TEMPLATE RESOLVER: org.thymeleaf.spring4.templateresolver.SpringResourceTemplateResolver
===2018-09-28 08:51:56.040 INFO  org.thymeleaf.templateresolver.AbstractTemplateResolver Line:110 - [THYMELEAF] TEMPLATE RESOLVER INITIALIZED OK
===2018-09-28 08:51:56.041 INFO  org.thymeleaf.messageresolver.AbstractMessageResolver Line:72  - [THYMELEAF] INITIALIZING MESSAGE RESOLVER: org.thymeleaf.spring4.messageresolver.SpringMessageResolver
===2018-09-28 08:51:56.041 INFO  org.thymeleaf.messageresolver.AbstractMessageResolver Line:78  - [THYMELEAF] MESSAGE RESOLVER INITIALIZED OK
===2018-09-28 08:51:56.046 INFO  org.thymeleaf.TemplateEngine.CONFIG Line:123 - [THYMELEAF] TEMPLATE ENGINE CONFIGURATION:
[THYMELEAF] * Cache Factory implementation: org.thymeleaf.cache.StandardCacheManager
[THYMELEAF] * Template modes:
[THYMELEAF]     * XML
[THYMELEAF]     * XHTML
[THYMELEAF]     * VALIDXHTML
[THYMELEAF]     * LEGACYHTML5
[THYMELEAF]     * VALIDXML
[THYMELEAF]     * HTML5
[THYMELEAF] * Template resolvers (in order):
[THYMELEAF]     * org.thymeleaf.spring4.templateresolver.SpringResourceTemplateResolver
[THYMELEAF] * Message resolvers (in order):
[THYMELEAF]     * org.thymeleaf.spring4.messageresolver.SpringMessageResolver
[THYMELEAF] * Dialect [1 of 2]: org.thymeleaf.spring4.dialect.SpringStandardDialect
[THYMELEAF]     * Prefix: "th"
[THYMELEAF] * Dialect [2 of 2]: nz.net.ultraq.thymeleaf.LayoutDialect
[THYMELEAF]     * Prefix: "layout"
[THYMELEAF] TEMPLATE ENGINE CONFIGURED OK
===2018-09-28 08:51:56.047 INFO  org.thymeleaf.TemplateEngine Line:838 - [THYMELEAF] TEMPLATE ENGINE INITIALIZED
===2018-09-28 08:51:56.408 INFO  com.alibaba.druid.pool.DruidDataSource Line:928 - {dataSource-3} inited
===2018-09-28 08:51:56.474 INFO  com.alibaba.druid.pool.DruidDataSource Line:928 - {dataSource-4} inited
===2018-09-28 08:51:56.478 INFO  com.alibaba.druid.pool.DruidDataSource Line:928 - {dataSource-5} inited
===2018-09-28 08:51:56.478 INFO  com.alibaba.druid.pool.DruidDataSource Line:928 - {dataSource-7} inited
===2018-09-28 08:51:56.480 INFO  com.alibaba.druid.pool.DruidDataSource Line:928 - {dataSource-6} inited
===2018-09-28 08:51:56.498 INFO  com.alibaba.druid.pool.DruidDataSource Line:1823 - {dataSource-3} closed
===2018-09-28 08:51:56.504 INFO  com.alibaba.druid.pool.DruidDataSource Line:928 - {dataSource-8} inited
===2018-09-28 08:51:56.609 INFO  com.alibaba.druid.pool.DruidDataSource Line:1823 - {dataSource-4} closed
===2018-09-28 08:51:56.658 INFO  com.alibaba.druid.pool.DruidDataSource Line:1823 - {dataSource-6} closed
===2018-09-28 08:51:56.675 INFO  com.alibaba.druid.pool.DruidDataSource Line:1823 - {dataSource-5} closed
===2018-09-28 08:51:56.676 INFO  com.alibaba.druid.pool.DruidDataSource Line:1823 - {dataSource-8} closed
===2018-09-28 08:51:56.683 INFO  com.alibaba.druid.pool.DruidDataSource Line:1823 - {dataSource-7} closed
===2018-09-28 08:51:56.907 INFO  com.alibaba.druid.pool.DruidDataSource Line:928 - {dataSource-9} inited
===2018-09-28 08:51:56.909 INFO  com.alibaba.druid.pool.DruidDataSource Line:928 - {dataSource-10} inited
===2018-09-28 08:51:56.917 INFO  com.alibaba.druid.pool.DruidDataSource Line:1823 - {dataSource-9} closed
===2018-09-28 08:51:56.955 INFO  com.alibaba.druid.pool.DruidDataSource Line:1823 - {dataSource-10} closed
===2018-09-28 08:51:56.958 INFO  com.alibaba.druid.pool.DruidDataSource Line:928 - {dataSource-11} inited
===2018-09-28 08:51:56.961 INFO  com.alibaba.druid.pool.DruidDataSource Line:928 - {dataSource-12} inited
===2018-09-28 08:51:56.975 INFO  com.alibaba.druid.pool.DruidDataSource Line:1823 - {dataSource-11} closed
===2018-09-28 08:51:56.989 INFO  com.alibaba.druid.pool.DruidDataSource Line:1823 - {dataSource-12} closed
===2018-09-28 08:51:57.112 INFO  com.alibaba.druid.pool.DruidDataSource Line:928 - {dataSource-13} inited
===2018-09-28 08:51:57.124 INFO  com.alibaba.druid.pool.DruidDataSource Line:1823 - {dataSource-13} closed
===2018-09-28 08:52:24.044 INFO  com.alibaba.druid.pool.DruidDataSource Line:928 - {dataSource-14} inited
===2018-09-28 08:52:24.403 INFO  com.alibaba.druid.pool.DruidDataSource Line:928 - {dataSource-15} inited
===2018-09-28 08:52:24.411 INFO  com.alibaba.druid.pool.DruidDataSource Line:1823 - {dataSource-15} closed
===2018-09-28 08:52:24.530 INFO  com.alibaba.druid.pool.DruidDataSource Line:928 - {dataSource-16} inited
===2018-09-28 08:52:24.539 INFO  com.alibaba.druid.pool.DruidDataSource Line:1823 - {dataSource-16} closed
===2018-09-28 08:52:24.665 INFO  com.alibaba.druid.pool.DruidDataSource Line:928 - {dataSource-17} inited
===2018-09-28 08:52:24.680 INFO  com.alibaba.druid.pool.DruidDataSource Line:1823 - {dataSource-17} closed
===2018-09-28 08:52:24.691 INFO  com.alibaba.druid.pool.DruidDataSource Line:928 - {dataSource-22} inited
===2018-09-28 08:52:24.691 INFO  com.alibaba.druid.pool.DruidDataSource Line:928 - {dataSource-18} inited
===2018-09-28 08:52:24.691 INFO  com.alibaba.druid.pool.DruidDataSource Line:928 - {dataSource-19} inited
===2018-09-28 08:52:24.692 INFO  com.alibaba.druid.pool.DruidDataSource Line:928 - {dataSource-20} inited
===2018-09-28 08:52:24.692 INFO  com.alibaba.druid.pool.DruidDataSource Line:928 - {dataSource-21} inited
===2018-09-28 08:52:24.702 INFO  com.alibaba.druid.pool.DruidDataSource Line:1823 - {dataSource-22} closed
===2018-09-28 08:52:24.727 INFO  com.alibaba.druid.pool.DruidDataSource Line:1823 - {dataSource-21} closed
===2018-09-28 08:52:24.759 INFO  com.alibaba.druid.pool.DruidDataSource Line:1823 - {dataSource-20} closed
===2018-09-28 08:52:24.772 INFO  com.alibaba.druid.pool.DruidDataSource Line:1823 - {dataSource-19} closed
===2018-09-28 08:52:24.790 INFO  com.alibaba.druid.pool.DruidDataSource Line:928 - {dataSource-23} inited
===2018-09-28 08:52:24.793 INFO  com.alibaba.druid.pool.DruidDataSource Line:1823 - {dataSource-18} closed
===2018-09-28 08:52:24.831 INFO  com.alibaba.druid.pool.DruidDataSource Line:1823 - {dataSource-23} closed
===2018-09-28 08:52:24.838 INFO  com.alibaba.druid.pool.DruidDataSource Line:928 - {dataSource-25} inited
===2018-09-28 08:52:24.850 INFO  com.alibaba.druid.pool.DruidDataSource Line:1823 - {dataSource-25} closed
===2018-09-28 08:52:24.858 INFO  com.alibaba.druid.pool.DruidDataSource Line:928 - {dataSource-24} inited
===2018-09-28 08:52:24.931 INFO  com.alibaba.druid.pool.DruidDataSource Line:928 - {dataSource-26} inited
===2018-09-28 08:52:24.938 INFO  com.alibaba.druid.pool.DruidDataSource Line:928 - {dataSource-27} inited
===2018-09-28 08:52:24.940 INFO  com.alibaba.druid.pool.DruidDataSource Line:928 - {dataSource-28} inited
===2018-09-28 08:52:24.989 INFO  com.alibaba.druid.pool.DruidDataSource Line:928 - {dataSource-29} inited
===2018-09-28 08:52:24.989 INFO  com.alibaba.druid.pool.DruidDataSource Line:928 - {dataSource-30} inited
===2018-09-28 08:52:25.072 INFO  com.alibaba.druid.pool.DruidDataSource Line:1823 - {dataSource-24} closed
===2018-09-28 08:52:25.108 INFO  com.alibaba.druid.pool.DruidDataSource Line:1823 - {dataSource-28} closed
===2018-09-28 08:52:25.109 INFO  com.alibaba.druid.pool.DruidDataSource Line:1823 - {dataSource-26} closed
===2018-09-28 08:52:25.118 INFO  com.alibaba.druid.pool.DruidDataSource Line:1823 - {dataSource-30} closed
===2018-09-28 08:52:25.124 INFO  com.alibaba.druid.pool.DruidDataSource Line:1823 - {dataSource-27} closed
===2018-09-28 08:52:25.124 INFO  com.alibaba.druid.pool.DruidDataSource Line:1823 - {dataSource-29} closed
===2018-09-28 08:52:25.142 INFO  com.alibaba.druid.pool.DruidDataSource Line:928 - {dataSource-31} inited
===2018-09-28 08:52:25.154 INFO  com.alibaba.druid.pool.DruidDataSource Line:1823 - {dataSource-31} closed
===2018-09-28 08:52:25.170 INFO  com.alibaba.druid.pool.DruidDataSource Line:928 - {dataSource-32} inited
===2018-09-28 08:52:25.179 INFO  com.alibaba.druid.pool.DruidDataSource Line:1823 - {dataSource-32} closed
===2018-09-28 08:52:25.193 INFO  com.alibaba.druid.pool.DruidDataSource Line:928 - {dataSource-33} inited
===2018-09-28 08:52:25.212 INFO  com.alibaba.druid.pool.DruidDataSource Line:1823 - {dataSource-33} closed
===2018-09-28 08:52:25.222 INFO  com.alibaba.druid.pool.DruidDataSource Line:928 - {dataSource-34} inited
===2018-09-28 08:52:25.222 INFO  com.alibaba.druid.pool.DruidDataSource Line:928 - {dataSource-35} inited
===2018-09-28 08:52:25.235 INFO  com.alibaba.druid.pool.DruidDataSource Line:1823 - {dataSource-34} closed
===2018-09-28 08:52:25.246 INFO  com.alibaba.druid.pool.DruidDataSource Line:1823 - {dataSource-35} closed
===2018-09-28 08:52:25.306 INFO  com.alibaba.druid.pool.DruidDataSource Line:928 - {dataSource-36} inited
===2018-09-28 08:52:25.322 INFO  com.alibaba.druid.pool.DruidDataSource Line:1823 - {dataSource-36} closed
===2018-09-28 08:52:25.326 INFO  com.alibaba.druid.pool.DruidDataSource Line:928 - {dataSource-37} inited
===2018-09-28 08:52:25.331 INFO  com.alibaba.druid.pool.DruidDataSource Line:1823 - {dataSource-37} closed
===2018-09-28 08:52:25.393 INFO  com.alibaba.druid.pool.DruidDataSource Line:928 - {dataSource-38} inited
===2018-09-28 08:52:25.398 INFO  com.alibaba.druid.pool.DruidDataSource Line:1823 - {dataSource-38} closed
===2018-09-28 08:52:25.658 INFO  com.alibaba.druid.pool.DruidDataSource Line:928 - {dataSource-39} inited
===2018-09-28 08:52:25.664 INFO  com.alibaba.druid.pool.DruidDataSource Line:1823 - {dataSource-39} closed
===2018-09-28 08:52:25.844 INFO  com.alibaba.druid.pool.DruidDataSource Line:928 - {dataSource-40} inited
===2018-09-28 08:52:25.845 INFO  com.alibaba.druid.pool.DruidDataSource Line:928 - {dataSource-41} inited
===2018-09-28 08:52:25.849 INFO  com.alibaba.druid.pool.DruidDataSource Line:928 - {dataSource-42} inited
===2018-09-28 08:52:25.853 INFO  com.alibaba.druid.pool.DruidDataSource Line:928 - {dataSource-43} inited
===2018-09-28 08:52:25.853 INFO  com.alibaba.druid.pool.DruidDataSource Line:1823 - {dataSource-40} closed
===2018-09-28 08:52:25.854 INFO  com.alibaba.druid.pool.DruidDataSource Line:928 - {dataSource-44} inited
===2018-09-28 08:52:25.859 INFO  com.alibaba.druid.pool.DruidDataSource Line:1823 - {dataSource-42} closed
===2018-09-28 08:52:25.866 INFO  com.alibaba.druid.pool.DruidDataSource Line:1823 - {dataSource-43} closed
===2018-09-28 08:52:25.870 INFO  com.alibaba.druid.pool.DruidDataSource Line:1823 - {dataSource-44} closed
===2018-09-28 08:52:25.877 INFO  com.alibaba.druid.pool.DruidDataSource Line:928 - {dataSource-45} inited
===2018-09-28 08:52:25.879 INFO  com.alibaba.druid.pool.DruidDataSource Line:1823 - {dataSource-41} closed
===2018-09-28 08:52:25.893 INFO  com.alibaba.druid.pool.DruidDataSource Line:1823 - {dataSource-45} closed
===2018-09-28 08:52:25.960 INFO  com.alibaba.druid.pool.DruidDataSource Line:928 - {dataSource-47} inited
===2018-09-28 08:52:25.960 INFO  com.alibaba.druid.pool.DruidDataSource Line:928 - {dataSource-48} inited
===2018-09-28 08:52:25.967 INFO  com.alibaba.druid.pool.DruidDataSource Line:928 - {dataSource-46} inited
===2018-09-28 08:52:25.976 INFO  com.alibaba.druid.pool.DruidDataSource Line:1823 - {dataSource-47} closed
===2018-09-28 08:52:26.012 INFO  com.alibaba.druid.pool.DruidDataSource Line:1823 - {dataSource-48} closed
===2018-09-28 08:52:26.018 INFO  com.alibaba.druid.pool.DruidDataSource Line:1823 - {dataSource-46} closed
===2018-09-28 08:52:26.029 INFO  com.alibaba.druid.pool.DruidDataSource Line:928 - {dataSource-49} inited
===2018-09-28 08:52:26.029 INFO  com.alibaba.druid.pool.DruidDataSource Line:928 - {dataSource-50} inited
===2018-09-28 08:52:26.040 INFO  com.alibaba.druid.pool.DruidDataSource Line:1823 - {dataSource-49} closed
===2018-09-28 08:52:26.045 INFO  com.alibaba.druid.pool.DruidDataSource Line:1823 - {dataSource-50} closed
===2018-09-28 08:52:26.052 INFO  com.alibaba.druid.pool.DruidDataSource Line:928 - {dataSource-51} inited
===2018-09-28 08:52:26.059 INFO  com.alibaba.druid.pool.DruidDataSource Line:1823 - {dataSource-51} closed
===2018-09-28 08:52:26.088 INFO  com.alibaba.druid.pool.DruidDataSource Line:928 - {dataSource-52} inited
===2018-09-28 08:52:26.097 INFO  com.alibaba.druid.pool.DruidDataSource Line:1823 - {dataSource-52} closed
===2018-09-28 08:52:26.144 INFO  com.alibaba.druid.pool.DruidDataSource Line:928 - {dataSource-53} inited
===2018-09-28 08:52:26.156 INFO  com.alibaba.druid.pool.DruidDataSource Line:1823 - {dataSource-53} closed
===2018-09-28 08:52:26.249 INFO  com.alibaba.druid.pool.DruidDataSource Line:928 - {dataSource-55} inited
===2018-09-28 08:52:26.250 INFO  com.alibaba.druid.pool.DruidDataSource Line:928 - {dataSource-54} inited
===2018-09-28 08:52:26.254 INFO  com.alibaba.druid.pool.DruidDataSource Line:1823 - {dataSource-55} closed
===2018-09-28 08:52:26.263 INFO  com.alibaba.druid.pool.DruidDataSource Line:1823 - {dataSource-54} closed
===2018-09-28 08:52:26.328 INFO  com.alibaba.druid.pool.DruidDataSource Line:928 - {dataSource-56} inited
===2018-09-28 08:52:26.333 INFO  com.alibaba.druid.pool.DruidDataSource Line:1823 - {dataSource-56} closed
===2018-09-28 08:52:26.397 INFO  com.alibaba.druid.pool.DruidDataSource Line:928 - {dataSource-57} inited
===2018-09-28 08:52:26.406 INFO  com.alibaba.druid.pool.DruidDataSource Line:1823 - {dataSource-57} closed
===2018-09-28 08:52:26.514 INFO  com.alibaba.druid.pool.DruidDataSource Line:928 - {dataSource-58} inited
===2018-09-28 08:52:26.520 INFO  com.alibaba.druid.pool.DruidDataSource Line:1823 - {dataSource-58} closed
===2018-09-28 08:52:26.526 INFO  com.alibaba.druid.pool.DruidDataSource Line:928 - {dataSource-59} inited
===2018-09-28 08:52:26.533 INFO  com.alibaba.druid.pool.DruidDataSource Line:1823 - {dataSource-59} closed
===2018-09-28 08:52:26.581 INFO  com.alibaba.druid.pool.DruidDataSource Line:928 - {dataSource-60} inited
===2018-09-28 08:52:26.588 INFO  com.alibaba.druid.pool.DruidDataSource Line:1823 - {dataSource-60} closed
===2018-09-28 08:52:26.728 INFO  com.alibaba.druid.pool.DruidDataSource Line:928 - {dataSource-61} inited
===2018-09-28 08:52:26.734 INFO  com.alibaba.druid.pool.DruidDataSource Line:1823 - {dataSource-61} closed
===2018-09-28 08:52:26.816 INFO  com.alibaba.druid.pool.DruidDataSource Line:928 - {dataSource-62} inited
===2018-09-28 08:52:26.822 INFO  com.alibaba.druid.pool.DruidDataSource Line:1823 - {dataSource-62} closed
===2018-09-28 08:52:26.887 INFO  com.alibaba.druid.pool.DruidDataSource Line:928 - {dataSource-63} inited
===2018-09-28 08:52:26.892 INFO  com.alibaba.druid.pool.DruidDataSource Line:1823 - {dataSource-63} closed
===2018-09-28 08:52:26.973 INFO  com.alibaba.druid.pool.DruidDataSource Line:928 - {dataSource-64} inited
===2018-09-28 08:52:26.979 INFO  com.alibaba.druid.pool.DruidDataSource Line:1823 - {dataSource-64} closed
===2018-09-28 08:52:27.098 INFO  com.alibaba.druid.pool.DruidDataSource Line:928 - {dataSource-65} inited
===2018-09-28 08:52:27.101 INFO  com.alibaba.druid.pool.DruidDataSource Line:928 - {dataSource-66} inited
===2018-09-28 08:52:27.105 INFO  com.alibaba.druid.pool.DruidDataSource Line:1823 - {dataSource-65} closed
===2018-09-28 08:52:27.110 INFO  com.alibaba.druid.pool.DruidDataSource Line:928 - {dataSource-67} inited
===2018-09-28 08:52:27.121 INFO  com.alibaba.druid.pool.DruidDataSource Line:1823 - {dataSource-67} closed
===2018-09-28 08:52:27.138 INFO  com.alibaba.druid.pool.DruidDataSource Line:1823 - {dataSource-66} closed
===2018-09-28 08:52:27.148 INFO  com.alibaba.druid.pool.DruidDataSource Line:928 - {dataSource-68} inited
===2018-09-28 08:52:27.151 INFO  com.alibaba.druid.pool.DruidDataSource Line:928 - {dataSource-70} inited
===2018-09-28 08:52:27.156 INFO  com.alibaba.druid.pool.DruidDataSource Line:928 - {dataSource-69} inited
===2018-09-28 08:52:27.190 INFO  com.alibaba.druid.pool.DruidDataSource Line:928 - {dataSource-71} inited
===2018-09-28 08:52:27.210 INFO  com.alibaba.druid.pool.DruidDataSource Line:928 - {dataSource-72} inited
===2018-09-28 08:52:27.211 INFO  com.alibaba.druid.pool.DruidDataSource Line:928 - {dataSource-73} inited
===2018-09-28 08:52:27.326 INFO  com.alibaba.druid.pool.DruidDataSource Line:1823 - {dataSource-68} closed
===2018-09-28 08:52:27.341 INFO  com.alibaba.druid.pool.DruidDataSource Line:1823 - {dataSource-70} closed
===2018-09-28 08:52:27.361 INFO  com.alibaba.druid.pool.DruidDataSource Line:1823 - {dataSource-69} closed
===2018-09-28 08:52:27.363 INFO  com.alibaba.druid.pool.DruidDataSource Line:1823 - {dataSource-71} closed
===2018-09-28 08:52:27.378 INFO  com.alibaba.druid.pool.DruidDataSource Line:1823 - {dataSource-72} closed
===2018-09-28 08:52:27.380 INFO  com.alibaba.druid.pool.DruidDataSource Line:1823 - {dataSource-73} closed
===2018-09-28 09:49:45.851 INFO  com.alibaba.druid.pool.DruidDataSource Line:928 - {dataSource-74} inited
===2018-09-28 09:49:45.867 INFO  com.alibaba.druid.pool.DruidDataSource Line:1823 - {dataSource-74} closed
===2018-09-28 09:49:46.116 INFO  com.alibaba.druid.pool.DruidDataSource Line:928 - {dataSource-75} inited
===2018-09-28 09:49:46.122 INFO  com.alibaba.druid.pool.DruidDataSource Line:1823 - {dataSource-75} closed
===2018-09-28 09:49:46.352 INFO  com.alibaba.druid.pool.DruidDataSource Line:928 - {dataSource-76} inited
===2018-09-28 09:49:46.367 INFO  com.alibaba.druid.pool.DruidDataSource Line:1823 - {dataSource-76} closed
===2018-09-28 09:49:46.595 INFO  com.alibaba.druid.pool.DruidDataSource Line:928 - {dataSource-77} inited
===2018-09-28 09:49:46.600 INFO  com.alibaba.druid.pool.DruidDataSource Line:1823 - {dataSource-77} closed
===2018-09-28 09:49:46.963 INFO  com.alibaba.druid.pool.DruidDataSource Line:928 - {dataSource-78} inited
===2018-09-28 09:49:46.967 INFO  com.alibaba.druid.pool.DruidDataSource Line:1823 - {dataSource-78} closed
===2018-09-28 09:49:47.335 INFO  com.alibaba.druid.pool.DruidDataSource Line:928 - {dataSource-79} inited
===2018-09-28 09:49:47.340 INFO  com.alibaba.druid.pool.DruidDataSource Line:1823 - {dataSource-79} closed
===2018-09-28 09:53:11.588 INFO  com.alibaba.druid.pool.DruidDataSource Line:928 - {dataSource-80} inited
===2018-09-28 09:53:11.593 INFO  com.alibaba.druid.pool.DruidDataSource Line:1823 - {dataSource-80} closed
===2018-09-28 09:53:11.961 INFO  com.alibaba.druid.pool.DruidDataSource Line:928 - {dataSource-81} inited
===2018-09-28 09:53:11.966 INFO  com.alibaba.druid.pool.DruidDataSource Line:1823 - {dataSource-81} closed
===2018-09-28 09:53:12.811 INFO  com.alibaba.druid.pool.DruidDataSource Line:928 - {dataSource-82} inited
===2018-09-28 09:53:12.816 INFO  com.alibaba.druid.pool.DruidDataSource Line:1823 - {dataSource-82} closed
===2018-09-28 09:53:13.237 INFO  com.alibaba.druid.pool.DruidDataSource Line:928 - {dataSource-83} inited
===2018-09-28 09:53:13.244 INFO  com.alibaba.druid.pool.DruidDataSource Line:1823 - {dataSource-83} closed
===2018-09-28 09:53:14.271 INFO  com.alibaba.druid.pool.DruidDataSource Line:928 - {dataSource-84} inited
===2018-09-28 09:53:14.277 INFO  com.alibaba.druid.pool.DruidDataSource Line:1823 - {dataSource-84} closed
===2018-09-28 09:53:14.628 INFO  com.alibaba.druid.pool.DruidDataSource Line:928 - {dataSource-85} inited
===2018-09-28 09:53:14.633 INFO  com.alibaba.druid.pool.DruidDataSource Line:1823 - {dataSource-85} closed
===2018-09-28 10:37:53.186 INFO  org.eclipse.jetty.server.AbstractConnector Line:320 - Stopped ServerConnector@7a94fb6b{HTTP/1.1,[http/1.1]}{0.0.0.0:80}
===2018-09-28 10:37:53.191 INFO  org.eclipse.jetty.server.session Line:167 - Stopped scavenging
===2018-09-28 10:37:53.241 INFO  org.eclipse.jetty.server.handler.ContextHandler.application Line:2221 - Destroying Spring FrameworkServlet 'dispatcherServlet'
===2018-09-28 10:37:53.244 INFO  org.eclipse.jetty.server.handler.ContextHandler Line:957 - Stopped o.s.b.c.e.j.JettyEmbeddedWebAppContext@4b6fa0a1{/,[file:///C:/Users/zgh/AppData/Local/Temp/jetty-docbase.2455545803212230745.80/],UNAVAILABLE}
===2018-09-28 10:37:54.041 INFO  com.hsgene.hdas.cmcs.modules.admin.AdminApplication Line:48  - Starting AdminApplication on DESKTOP-8RT6NG5 with PID 14496 (D:\github\hdas-cmcs\hdas-cmcs-module-admin\target\classes started by zgh in D:\github\hdas-cmcs)
===2018-09-28 10:37:54.043 INFO  com.hsgene.hdas.cmcs.modules.admin.AdminApplication Line:641 - The following profiles are active: dev
===2018-09-28 10:37:57.689 INFO  com.hsgene.hdas.cmcs.modules.common.datasource.DynamicDataSourceRegister Line:65  - Dynamic DataSource Registry
===2018-09-28 10:37:58.419 INFO  org.eclipse.jetty.server.Server Line:372 - jetty-9.4.4.v20170414
===2018-09-28 10:37:58.424 INFO  org.eclipse.jetty.server.session Line:364 - DefaultSessionIdManager workerName=node0
===2018-09-28 10:37:58.424 INFO  org.eclipse.jetty.server.session Line:369 - No SessionScavenger set, using defaults
===2018-09-28 10:37:58.424 INFO  org.eclipse.jetty.server.session Line:149 - Scavenging every 660000ms
===2018-09-28 10:37:58.425 INFO  org.eclipse.jetty.server.handler.ContextHandler.application Line:2221 - Initializing Spring embedded WebApplicationContext
===2018-09-28 10:37:58.496 INFO  org.eclipse.jetty.server.Server Line:444 - Started @6401058ms
===2018-09-28 10:37:59.703 INFO  org.eclipse.jetty.server.session Line:167 - Stopped scavenging
===2018-09-28 10:37:59.704 INFO  org.eclipse.jetty.server.handler.ContextHandler Line:957 - Stopped o.s.b.c.e.j.JettyEmbeddedWebAppContext@5762d1ac{/,[file:///C:/Users/zgh/AppData/Local/Temp/jetty-docbase.8938330686772984966.80/],UNAVAILABLE}
===2018-09-28 10:38:03.947 INFO  com.hsgene.hdas.cmcs.modules.admin.AdminApplication Line:48  - Starting AdminApplication on DESKTOP-8RT6NG5 with PID 14496 (D:\github\hdas-cmcs\hdas-cmcs-module-admin\target\classes started by zgh in D:\github\hdas-cmcs)
===2018-09-28 10:38:03.947 INFO  com.hsgene.hdas.cmcs.modules.admin.AdminApplication Line:641 - The following profiles are active: dev
===2018-09-28 10:38:05.506 INFO  com.hsgene.hdas.cmcs.modules.common.datasource.DynamicDataSourceRegister Line:65  - Dynamic DataSource Registry
===2018-09-28 10:38:06.464 INFO  org.eclipse.jetty.server.Server Line:372 - jetty-9.4.4.v20170414
===2018-09-28 10:38:06.468 INFO  org.eclipse.jetty.server.session Line:364 - DefaultSessionIdManager workerName=node0
===2018-09-28 10:38:06.469 INFO  org.eclipse.jetty.server.session Line:369 - No SessionScavenger set, using defaults
===2018-09-28 10:38:06.469 INFO  org.eclipse.jetty.server.session Line:149 - Scavenging every 600000ms
===2018-09-28 10:38:06.469 INFO  org.eclipse.jetty.server.handler.ContextHandler.application Line:2221 - Initializing Spring embedded WebApplicationContext
===2018-09-28 10:38:06.532 INFO  org.eclipse.jetty.server.Server Line:444 - Started @6409093ms
===2018-09-28 10:38:07.663 INFO  org.eclipse.jetty.server.session Line:167 - Stopped scavenging
===2018-09-28 10:38:07.664 INFO  org.eclipse.jetty.server.handler.ContextHandler Line:957 - Stopped o.s.b.c.e.j.JettyEmbeddedWebAppContext@a8b59d0{/,[file:///C:/Users/zgh/AppData/Local/Temp/jetty-docbase.618649183734615138.80/],UNAVAILABLE}
===2018-09-28 10:38:11.621 INFO  com.hsgene.hdas.cmcs.modules.admin.AdminApplication Line:48  - Starting AdminApplication on DESKTOP-8RT6NG5 with PID 14496 (D:\github\hdas-cmcs\hdas-cmcs-module-admin\target\classes started by zgh in D:\github\hdas-cmcs)
===2018-09-28 10:38:11.646 INFO  com.hsgene.hdas.cmcs.modules.admin.AdminApplication Line:641 - The following profiles are active: dev
===2018-09-28 10:38:12.680 INFO  com.hsgene.hdas.cmcs.modules.common.datasource.DynamicDataSourceRegister Line:65  - Dynamic DataSource Registry
===2018-09-28 10:38:13.295 INFO  org.eclipse.jetty.server.Server Line:372 - jetty-9.4.4.v20170414
===2018-09-28 10:38:13.299 INFO  org.eclipse.jetty.server.session Line:364 - DefaultSessionIdManager workerName=node0
===2018-09-28 10:38:13.299 INFO  org.eclipse.jetty.server.session Line:369 - No SessionScavenger set, using defaults
===2018-09-28 10:38:13.300 INFO  org.eclipse.jetty.server.session Line:149 - Scavenging every 660000ms
===2018-09-28 10:38:13.300 INFO  org.eclipse.jetty.server.handler.ContextHandler.application Line:2221 - Initializing Spring embedded WebApplicationContext
===2018-09-28 10:38:13.343 INFO  org.eclipse.jetty.server.Server Line:444 - Started @6415904ms
===2018-09-28 10:38:15.061 INFO  org.eclipse.jetty.server.session Line:167 - Stopped scavenging
===2018-09-28 10:38:15.061 INFO  org.eclipse.jetty.server.handler.ContextHandler Line:957 - Stopped o.s.b.c.e.j.JettyEmbeddedWebAppContext@39e5bd23{/,[file:///C:/Users/zgh/AppData/Local/Temp/jetty-docbase.9127426744200726109.80/],UNAVAILABLE}
===2018-09-28 10:38:19.015 INFO  com.hsgene.hdas.cmcs.modules.admin.AdminApplication Line:48  - Starting AdminApplication on DESKTOP-8RT6NG5 with PID 14496 (D:\github\hdas-cmcs\hdas-cmcs-module-admin\target\classes started by zgh in D:\github\hdas-cmcs)
===2018-09-28 10:38:19.015 INFO  com.hsgene.hdas.cmcs.modules.admin.AdminApplication Line:641 - The following profiles are active: dev
===2018-09-28 10:38:19.929 INFO  com.hsgene.hdas.cmcs.modules.common.datasource.DynamicDataSourceRegister Line:65  - Dynamic DataSource Registry
===2018-09-28 10:38:20.596 INFO  org.eclipse.jetty.server.Server Line:372 - jetty-9.4.4.v20170414
===2018-09-28 10:38:20.600 INFO  org.eclipse.jetty.server.session Line:364 - DefaultSessionIdManager workerName=node0
===2018-09-28 10:38:20.600 INFO  org.eclipse.jetty.server.session Line:369 - No SessionScavenger set, using defaults
===2018-09-28 10:38:20.600 INFO  org.eclipse.jetty.server.session Line:149 - Scavenging every 660000ms
===2018-09-28 10:38:20.601 INFO  org.eclipse.jetty.server.handler.ContextHandler.application Line:2221 - Initializing Spring embedded WebApplicationContext
===2018-09-28 10:38:20.635 INFO  org.eclipse.jetty.server.Server Line:444 - Started @6423197ms
===2018-09-28 10:38:21.484 INFO  org.eclipse.jetty.server.session Line:167 - Stopped scavenging
===2018-09-28 10:38:21.485 INFO  org.eclipse.jetty.server.handler.ContextHandler Line:957 - Stopped o.s.b.c.e.j.JettyEmbeddedWebAppContext@478af7f{/,[file:///C:/Users/zgh/AppData/Local/Temp/jetty-docbase.861173347959629035.80/],UNAVAILABLE}
===2018-09-28 10:38:31.907 INFO  com.hsgene.hdas.cmcs.modules.admin.AdminApplication Line:48  - Starting AdminApplication on DESKTOP-8RT6NG5 with PID 14496 (D:\github\hdas-cmcs\hdas-cmcs-module-admin\target\classes started by zgh in D:\github\hdas-cmcs)
===2018-09-28 10:38:31.907 INFO  com.hsgene.hdas.cmcs.modules.admin.AdminApplication Line:641 - The following profiles are active: dev
===2018-09-28 10:38:32.713 INFO  com.hsgene.hdas.cmcs.modules.common.datasource.DynamicDataSourceRegister Line:65  - Dynamic DataSource Registry
===2018-09-28 10:38:33.385 INFO  org.eclipse.jetty.server.Server Line:372 - jetty-9.4.4.v20170414
===2018-09-28 10:38:33.389 INFO  org.eclipse.jetty.server.session Line:364 - DefaultSessionIdManager workerName=node0
===2018-09-28 10:38:33.389 INFO  org.eclipse.jetty.server.session Line:369 - No SessionScavenger set, using defaults
===2018-09-28 10:38:33.390 INFO  org.eclipse.jetty.server.session Line:149 - Scavenging every 660000ms
===2018-09-28 10:38:33.391 INFO  org.eclipse.jetty.server.handler.ContextHandler.application Line:2221 - Initializing Spring embedded WebApplicationContext
===2018-09-28 10:38:33.436 INFO  org.eclipse.jetty.server.Server Line:444 - Started @6435997ms
===2018-09-28 10:38:34.286 INFO  org.eclipse.jetty.server.session Line:167 - Stopped scavenging
===2018-09-28 10:38:34.286 INFO  org.eclipse.jetty.server.handler.ContextHandler Line:957 - Stopped o.s.b.c.e.j.JettyEmbeddedWebAppContext@b105e86{/,[file:///C:/Users/zgh/AppData/Local/Temp/jetty-docbase.4055089657041624228.80/],UNAVAILABLE}
===2018-09-28 10:38:39.335 INFO  com.hsgene.hdas.cmcs.modules.admin.AdminApplication Line:48  - Starting AdminApplication on DESKTOP-8RT6NG5 with PID 14496 (D:\github\hdas-cmcs\hdas-cmcs-module-admin\target\classes started by zgh in D:\github\hdas-cmcs)
===2018-09-28 10:38:39.335 INFO  com.hsgene.hdas.cmcs.modules.admin.AdminApplication Line:641 - The following profiles are active: dev
===2018-09-28 10:38:40.326 INFO  com.hsgene.hdas.cmcs.modules.common.datasource.DynamicDataSourceRegister Line:65  - Dynamic DataSource Registry
===2018-09-28 10:38:40.962 INFO  org.eclipse.jetty.server.Server Line:372 - jetty-9.4.4.v20170414
===2018-09-28 10:38:40.964 INFO  org.eclipse.jetty.server.session Line:364 - DefaultSessionIdManager workerName=node0
===2018-09-28 10:38:40.964 INFO  org.eclipse.jetty.server.session Line:369 - No SessionScavenger set, using defaults
===2018-09-28 10:38:40.964 INFO  org.eclipse.jetty.server.session Line:149 - Scavenging every 660000ms
===2018-09-28 10:38:40.965 INFO  org.eclipse.jetty.server.handler.ContextHandler.application Line:2221 - Initializing Spring embedded WebApplicationContext
===2018-09-28 10:38:41.004 INFO  org.eclipse.jetty.server.Server Line:444 - Started @6443565ms
===2018-09-28 10:38:41.861 INFO  org.eclipse.jetty.server.session Line:167 - Stopped scavenging
===2018-09-28 10:38:41.861 INFO  org.eclipse.jetty.server.handler.ContextHandler Line:957 - Stopped o.s.b.c.e.j.JettyEmbeddedWebAppContext@4b32af0a{/,[file:///C:/Users/zgh/AppData/Local/Temp/jetty-docbase.3098740636891257093.80/],UNAVAILABLE}
===2018-09-28 10:38:45.752 INFO  com.hsgene.hdas.cmcs.modules.admin.AdminApplication Line:48  - Starting AdminApplication on DESKTOP-8RT6NG5 with PID 14496 (D:\github\hdas-cmcs\hdas-cmcs-module-admin\target\classes started by zgh in D:\github\hdas-cmcs)
===2018-09-28 10:38:45.752 INFO  com.hsgene.hdas.cmcs.modules.admin.AdminApplication Line:641 - The following profiles are active: dev
===2018-09-28 10:38:46.583 INFO  com.hsgene.hdas.cmcs.modules.common.datasource.DynamicDataSourceRegister Line:65  - Dynamic DataSource Registry
===2018-09-28 10:38:47.186 INFO  org.eclipse.jetty.server.Server Line:372 - jetty-9.4.4.v20170414
===2018-09-28 10:38:47.189 INFO  org.eclipse.jetty.server.session Line:364 - DefaultSessionIdManager workerName=node0
===2018-09-28 10:38:47.190 INFO  org.eclipse.jetty.server.session Line:369 - No SessionScavenger set, using defaults
===2018-09-28 10:38:47.190 INFO  org.eclipse.jetty.server.session Line:149 - Scavenging every 660000ms
===2018-09-28 10:38:47.190 INFO  org.eclipse.jetty.server.handler.ContextHandler.application Line:2221 - Initializing Spring embedded WebApplicationContext
===2018-09-28 10:38:47.229 INFO  org.eclipse.jetty.server.Server Line:444 - Started @6449791ms
===2018-09-28 10:38:47.789 INFO  org.eclipse.jetty.server.session Line:167 - Stopped scavenging
===2018-09-28 10:38:47.790 INFO  org.eclipse.jetty.server.handler.ContextHandler Line:957 - Stopped o.s.b.c.e.j.JettyEmbeddedWebAppContext@6dcda7ce{/,[file:///C:/Users/zgh/AppData/Local/Temp/jetty-docbase.2488930622027598640.80/],UNAVAILABLE}
===2018-09-28 10:38:53.803 INFO  com.hsgene.hdas.cmcs.modules.admin.AdminApplication Line:48  - Starting AdminApplication on DESKTOP-8RT6NG5 with PID 14496 (D:\github\hdas-cmcs\hdas-cmcs-module-admin\target\classes started by zgh in D:\github\hdas-cmcs)
===2018-09-28 10:38:53.803 INFO  com.hsgene.hdas.cmcs.modules.admin.AdminApplication Line:641 - The following profiles are active: dev
===2018-09-28 10:38:54.738 INFO  com.hsgene.hdas.cmcs.modules.common.datasource.DynamicDataSourceRegister Line:65  - Dynamic DataSource Registry
===2018-09-28 10:38:55.695 INFO  org.eclipse.jetty.server.Server Line:372 - jetty-9.4.4.v20170414
===2018-09-28 10:38:55.699 INFO  org.eclipse.jetty.server.session Line:364 - DefaultSessionIdManager workerName=node0
===2018-09-28 10:38:55.700 INFO  org.eclipse.jetty.server.session Line:369 - No SessionScavenger set, using defaults
===2018-09-28 10:38:55.700 INFO  org.eclipse.jetty.server.session Line:149 - Scavenging every 660000ms
===2018-09-28 10:38:55.701 INFO  org.eclipse.jetty.server.handler.ContextHandler.application Line:2221 - Initializing Spring embedded WebApplicationContext
===2018-09-28 10:38:55.760 INFO  org.eclipse.jetty.server.Server Line:444 - Started @6458322ms
===2018-09-28 10:38:56.592 INFO  org.eclipse.jetty.server.session Line:167 - Stopped scavenging
===2018-09-28 10:38:56.593 INFO  org.eclipse.jetty.server.handler.ContextHandler Line:957 - Stopped o.s.b.c.e.j.JettyEmbeddedWebAppContext@78567578{/,[file:///C:/Users/zgh/AppData/Local/Temp/jetty-docbase.5367460529699947705.80/],UNAVAILABLE}
===2018-09-28 10:39:00.544 INFO  com.hsgene.hdas.cmcs.modules.admin.AdminApplication Line:48  - Starting AdminApplication on DESKTOP-8RT6NG5 with PID 14496 (D:\github\hdas-cmcs\hdas-cmcs-module-admin\target\classes started by zgh in D:\github\hdas-cmcs)
===2018-09-28 10:39:00.544 INFO  com.hsgene.hdas.cmcs.modules.admin.AdminApplication Line:641 - The following profiles are active: dev
===2018-09-28 10:39:01.079 INFO  com.hsgene.hdas.cmcs.modules.common.datasource.DynamicDataSourceRegister Line:65  - Dynamic DataSource Registry
===2018-09-28 10:39:01.597 INFO  org.eclipse.jetty.server.Server Line:372 - jetty-9.4.4.v20170414
===2018-09-28 10:39:01.600 INFO  org.eclipse.jetty.server.session Line:364 - DefaultSessionIdManager workerName=node0
===2018-09-28 10:39:01.600 INFO  org.eclipse.jetty.server.session Line:369 - No SessionScavenger set, using defaults
===2018-09-28 10:39:01.601 INFO  org.eclipse.jetty.server.session Line:149 - Scavenging every 600000ms
===2018-09-28 10:39:01.601 INFO  org.eclipse.jetty.server.handler.ContextHandler.application Line:2221 - Initializing Spring embedded WebApplicationContext
===2018-09-28 10:39:01.639 INFO  org.eclipse.jetty.server.Server Line:444 - Started @6464200ms
===2018-09-28 10:39:02.715 INFO  org.eclipse.jetty.server.session Line:167 - Stopped scavenging
===2018-09-28 10:39:02.717 INFO  org.eclipse.jetty.server.handler.ContextHandler Line:957 - Stopped o.s.b.c.e.j.JettyEmbeddedWebAppContext@77c57d51{/,[file:///C:/Users/zgh/AppData/Local/Temp/jetty-docbase.6053617339707133332.80/],UNAVAILABLE}
===2018-09-28 10:41:06.592 INFO  com.hsgene.hdas.cmcs.modules.admin.AdminApplication Line:48  - Starting AdminApplication on DESKTOP-8RT6NG5 with PID 23304 (D:\github\hdas-cmcs\hdas-cmcs-module-admin\target\classes started by zgh in D:\github\hdas-cmcs)
===2018-09-28 10:41:06.595 INFO  com.hsgene.hdas.cmcs.modules.admin.AdminApplication Line:641 - The following profiles are active: dev
===2018-09-28 10:41:06.931 INFO  org.hibernate.validator.internal.util.Version Line:30  - HV000001: Hibernate Validator 5.3.5.Final
===2018-09-28 10:41:09.321 INFO  com.hsgene.hdas.cmcs.modules.common.datasource.DynamicDataSourceRegister Line:65  - Dynamic DataSource Registry
===2018-09-28 10:41:11.070 INFO  org.eclipse.jetty.util.log Line:192 - Logging initialized @6485ms to org.eclipse.jetty.util.log.Slf4jLog
===2018-09-28 10:41:11.630 INFO  org.eclipse.jetty.server.Server Line:372 - jetty-9.4.4.v20170414
===2018-09-28 10:41:11.827 INFO  org.eclipse.jetty.server.session Line:364 - DefaultSessionIdManager workerName=node0
===2018-09-28 10:41:11.828 INFO  org.eclipse.jetty.server.session Line:369 - No SessionScavenger set, using defaults
===2018-09-28 10:41:11.864 INFO  org.eclipse.jetty.server.session Line:149 - Scavenging every 600000ms
===2018-09-28 10:41:11.871 INFO  org.eclipse.jetty.server.handler.ContextHandler.application Line:2221 - Initializing Spring embedded WebApplicationContext
===2018-09-28 10:41:18.566 INFO  org.eclipse.jetty.server.handler.ContextHandler Line:788 - Started o.s.b.c.e.j.JettyEmbeddedWebAppContext@6dae0cfa{/,[file:///C:/Users/zgh/AppData/Local/Temp/jetty-docbase.8634849904909013693.80/],AVAILABLE}
===2018-09-28 10:41:18.567 INFO  org.eclipse.jetty.server.Server Line:444 - Started @13982ms
===2018-09-28 10:41:22.730 INFO  org.eclipse.jetty.server.handler.ContextHandler.application Line:2221 - Initializing Spring FrameworkServlet 'dispatcherServlet'
===2018-09-28 10:41:22.787 INFO  org.eclipse.jetty.server.AbstractConnector Line:280 - Started ServerConnector@f6741a2{HTTP/1.1,[http/1.1]}{0.0.0.0:80}
===2018-09-28 10:41:22.794 INFO  com.hsgene.hdas.cmcs.modules.admin.AdminApplication Line:57  - Started AdminApplication in 16.807 seconds (JVM running for 18.21)
===2018-09-28 10:41:55.720 INFO  com.alibaba.druid.pool.DruidDataSource Line:928 - {dataSource-1} inited
===2018-09-28 10:41:56.071 INFO  com.alibaba.druid.pool.DruidDataSource Line:1823 - {dataSource-1} closed
===2018-09-28 10:41:56.089 INFO  com.alibaba.druid.pool.DruidDataSource Line:928 - {dataSource-2} inited
===2018-09-28 10:41:56.101 INFO  com.alibaba.druid.pool.DruidDataSource Line:1823 - {dataSource-2} closed
===2018-09-28 10:41:56.475 INFO  org.thymeleaf.TemplateEngine Line:825 - [THYMELEAF] INITIALIZING TEMPLATE ENGINE
===2018-09-28 10:41:56.530 INFO  org.thymeleaf.templateresolver.AbstractTemplateResolver Line:99  - [THYMELEAF] INITIALIZING TEMPLATE RESOLVER: org.thymeleaf.spring4.templateresolver.SpringResourceTemplateResolver
===2018-09-28 10:41:56.531 INFO  org.thymeleaf.templateresolver.AbstractTemplateResolver Line:110 - [THYMELEAF] TEMPLATE RESOLVER INITIALIZED OK
===2018-09-28 10:41:56.531 INFO  org.thymeleaf.messageresolver.AbstractMessageResolver Line:72  - [THYMELEAF] INITIALIZING MESSAGE RESOLVER: org.thymeleaf.spring4.messageresolver.SpringMessageResolver
===2018-09-28 10:41:56.531 INFO  org.thymeleaf.messageresolver.AbstractMessageResolver Line:78  - [THYMELEAF] MESSAGE RESOLVER INITIALIZED OK
===2018-09-28 10:41:56.534 INFO  org.thymeleaf.TemplateEngine.CONFIG Line:123 - [THYMELEAF] TEMPLATE ENGINE CONFIGURATION:
[THYMELEAF] * Cache Factory implementation: org.thymeleaf.cache.StandardCacheManager
[THYMELEAF] * Template modes:
[THYMELEAF]     * LEGACYHTML5
[THYMELEAF]     * XML
[THYMELEAF]     * VALIDXML
[THYMELEAF]     * VALIDXHTML
[THYMELEAF]     * HTML5
[THYMELEAF]     * XHTML
[THYMELEAF] * Template resolvers (in order):
[THYMELEAF]     * org.thymeleaf.spring4.templateresolver.SpringResourceTemplateResolver
[THYMELEAF] * Message resolvers (in order):
[THYMELEAF]     * org.thymeleaf.spring4.messageresolver.SpringMessageResolver
[THYMELEAF] * Dialect [1 of 2]: org.thymeleaf.spring4.dialect.SpringStandardDialect
[THYMELEAF]     * Prefix: "th"
[THYMELEAF] * Dialect [2 of 2]: nz.net.ultraq.thymeleaf.LayoutDialect
[THYMELEAF]     * Prefix: "layout"
[THYMELEAF] TEMPLATE ENGINE CONFIGURED OK
===2018-09-28 10:41:56.535 INFO  org.thymeleaf.TemplateEngine Line:838 - [THYMELEAF] TEMPLATE ENGINE INITIALIZED
===2018-09-28 10:41:56.830 INFO  com.alibaba.druid.pool.DruidDataSource Line:928 - {dataSource-3} inited
===2018-09-28 10:41:56.833 INFO  com.alibaba.druid.pool.DruidDataSource Line:928 - {dataSource-4} inited
===2018-09-28 10:41:56.859 INFO  com.alibaba.druid.pool.DruidDataSource Line:928 - {dataSource-6} inited
===2018-09-28 10:41:56.860 INFO  com.alibaba.druid.pool.DruidDataSource Line:928 - {dataSource-5} inited
===2018-09-28 10:41:56.867 INFO  com.alibaba.druid.pool.DruidDataSource Line:1823 - {dataSource-3} closed
===2018-09-28 10:41:56.922 INFO  com.alibaba.druid.pool.DruidDataSource Line:928 - {dataSource-7} inited
===2018-09-28 10:41:57.003 INFO  com.alibaba.druid.pool.DruidDataSource Line:928 - {dataSource-8} inited
===2018-09-28 10:41:57.017 INFO  com.alibaba.druid.pool.DruidDataSource Line:928 - {dataSource-9} inited
===2018-09-28 10:41:57.078 INFO  com.alibaba.druid.pool.DruidDataSource Line:1823 - {dataSource-5} closed
===2018-09-28 10:41:57.079 INFO  com.alibaba.druid.pool.DruidDataSource Line:1823 - {dataSource-6} closed
===2018-09-28 10:41:57.081 INFO  com.alibaba.druid.pool.DruidDataSource Line:1823 - {dataSource-4} closed
===2018-09-28 10:41:57.091 INFO  com.alibaba.druid.pool.DruidDataSource Line:1823 - {dataSource-8} closed
===2018-09-28 10:41:57.091 INFO  com.alibaba.druid.pool.DruidDataSource Line:1823 - {dataSource-9} closed
===2018-09-28 10:41:57.113 INFO  com.alibaba.druid.pool.DruidDataSource Line:1823 - {dataSource-7} closed
===2018-09-28 10:41:57.176 INFO  com.alibaba.druid.pool.DruidDataSource Line:928 - {dataSource-10} inited
===2018-09-28 10:41:57.202 INFO  com.alibaba.druid.pool.DruidDataSource Line:1823 - {dataSource-10} closed
===2018-09-28 10:41:57.202 INFO  com.alibaba.druid.pool.DruidDataSource Line:928 - {dataSource-12} inited
===2018-09-28 10:41:57.209 INFO  com.alibaba.druid.pool.DruidDataSource Line:928 - {dataSource-11} inited
===2018-09-28 10:41:57.215 INFO  com.alibaba.druid.pool.DruidDataSource Line:1823 - {dataSource-12} closed
===2018-09-28 10:41:57.234 INFO  com.alibaba.druid.pool.DruidDataSource Line:1823 - {dataSource-11} closed
===2018-09-28 10:41:57.273 INFO  com.alibaba.druid.pool.DruidDataSource Line:928 - {dataSource-13} inited
===2018-09-28 10:41:57.284 INFO  com.alibaba.druid.pool.DruidDataSource Line:1823 - {dataSource-13} closed
===2018-09-28 10:42:05.419 INFO  com.alibaba.druid.pool.DruidDataSource Line:928 - {dataSource-14} inited
===2018-09-28 10:42:05.668 INFO  com.alibaba.druid.pool.DruidDataSource Line:928 - {dataSource-15} inited
===2018-09-28 10:42:05.675 INFO  com.alibaba.druid.pool.DruidDataSource Line:1823 - {dataSource-15} closed
===2018-09-28 10:42:05.758 INFO  com.alibaba.druid.pool.DruidDataSource Line:928 - {dataSource-16} inited
===2018-09-28 10:42:05.767 INFO  com.alibaba.druid.pool.DruidDataSource Line:1823 - {dataSource-16} closed
===2018-09-28 10:42:05.838 INFO  com.alibaba.druid.pool.DruidDataSource Line:928 - {dataSource-17} inited
===2018-09-28 10:42:05.847 INFO  com.alibaba.druid.pool.DruidDataSource Line:1823 - {dataSource-17} closed
===2018-09-28 10:42:05.863 INFO  com.alibaba.druid.pool.DruidDataSource Line:928 - {dataSource-18} inited
===2018-09-28 10:42:05.863 INFO  com.alibaba.druid.pool.DruidDataSource Line:928 - {dataSource-19} inited
===2018-09-28 10:42:05.864 INFO  com.alibaba.druid.pool.DruidDataSource Line:928 - {dataSource-20} inited
===2018-09-28 10:42:05.881 INFO  com.alibaba.druid.pool.DruidDataSource Line:1823 - {dataSource-18} closed
===2018-09-28 10:42:05.955 INFO  com.alibaba.druid.pool.DruidDataSource Line:928 - {dataSource-21} inited
===2018-09-28 10:42:05.956 INFO  com.alibaba.druid.pool.DruidDataSource Line:928 - {dataSource-22} inited
===2018-09-28 10:42:05.957 INFO  com.alibaba.druid.pool.DruidDataSource Line:928 - {dataSource-23} inited
===2018-09-28 10:42:05.992 INFO  com.alibaba.druid.pool.DruidDataSource Line:928 - {dataSource-24} inited
===2018-09-28 10:42:06.034 INFO  com.alibaba.druid.pool.DruidDataSource Line:1823 - {dataSource-24} closed
===2018-09-28 10:42:06.046 INFO  com.alibaba.druid.pool.DruidDataSource Line:1823 - {dataSource-21} closed
===2018-09-28 10:42:06.047 INFO  com.alibaba.druid.pool.DruidDataSource Line:1823 - {dataSource-19} closed
===2018-09-28 10:42:06.050 INFO  com.alibaba.druid.pool.DruidDataSource Line:1823 - {dataSource-23} closed
===2018-09-28 10:42:06.053 INFO  com.alibaba.druid.pool.DruidDataSource Line:1823 - {dataSource-20} closed
===2018-09-28 10:42:06.061 INFO  com.alibaba.druid.pool.DruidDataSource Line:1823 - {dataSource-22} closed
===2018-09-28 10:42:06.166 INFO  com.alibaba.druid.pool.DruidDataSource Line:928 - {dataSource-25} inited
===2018-09-28 10:42:06.173 INFO  com.alibaba.druid.pool.DruidDataSource Line:928 - {dataSource-29} inited
===2018-09-28 10:42:06.174 INFO  com.alibaba.druid.pool.DruidDataSource Line:1823 - {dataSource-25} closed
===2018-09-28 10:42:06.173 INFO  com.alibaba.druid.pool.DruidDataSource Line:928 - {dataSource-30} inited
===2018-09-28 10:42:06.174 INFO  com.alibaba.druid.pool.DruidDataSource Line:928 - {dataSource-28} inited
===2018-09-28 10:42:06.180 INFO  com.alibaba.druid.pool.DruidDataSource Line:928 - {dataSource-27} inited
===2018-09-28 10:42:06.181 INFO  com.alibaba.druid.pool.DruidDataSource Line:928 - {dataSource-26} inited
===2018-09-28 10:42:06.248 INFO  com.alibaba.druid.pool.DruidDataSource Line:1823 - {dataSource-29} closed
===2018-09-28 10:42:06.266 INFO  com.alibaba.druid.pool.DruidDataSource Line:928 - {dataSource-31} inited
===2018-09-28 10:42:06.268 INFO  com.alibaba.druid.pool.DruidDataSource Line:1823 - {dataSource-30} closed
===2018-09-28 10:42:06.277 INFO  com.alibaba.druid.pool.DruidDataSource Line:1823 - {dataSource-28} closed
===2018-09-28 10:42:06.295 INFO  com.alibaba.druid.pool.DruidDataSource Line:1823 - {dataSource-27} closed
===2018-09-28 10:42:06.344 INFO  com.alibaba.druid.pool.DruidDataSource Line:1823 - {dataSource-26} closed
===2018-09-28 10:42:06.354 INFO  com.alibaba.druid.pool.DruidDataSource Line:928 - {dataSource-33} inited
===2018-09-28 10:42:06.356 INFO  com.alibaba.druid.pool.DruidDataSource Line:928 - {dataSource-32} inited
===2018-09-28 10:42:06.362 INFO  com.alibaba.druid.pool.DruidDataSource Line:1823 - {dataSource-31} closed
===2018-09-28 10:42:06.383 INFO  com.alibaba.druid.pool.DruidDataSource Line:1823 - {dataSource-32} closed
===2018-09-28 10:42:06.383 INFO  com.alibaba.druid.pool.DruidDataSource Line:1823 - {dataSource-33} closed
===2018-09-28 10:42:06.415 INFO  com.alibaba.druid.pool.DruidDataSource Line:928 - {dataSource-35} inited
===2018-09-28 10:42:06.418 INFO  com.alibaba.druid.pool.DruidDataSource Line:928 - {dataSource-34} inited
===2018-09-28 10:42:06.423 INFO  com.alibaba.druid.pool.DruidDataSource Line:1823 - {dataSource-35} closed
===2018-09-28 10:42:06.435 INFO  com.alibaba.druid.pool.DruidDataSource Line:1823 - {dataSource-34} closed
===2018-09-28 10:42:06.511 INFO  com.alibaba.druid.pool.DruidDataSource Line:928 - {dataSource-36} inited
===2018-09-28 10:42:06.518 INFO  com.alibaba.druid.pool.DruidDataSource Line:1823 - {dataSource-36} closed
===2018-09-28 10:42:06.531 INFO  com.alibaba.druid.pool.DruidDataSource Line:928 - {dataSource-37} inited
===2018-09-28 10:42:06.538 INFO  com.alibaba.druid.pool.DruidDataSource Line:1823 - {dataSource-37} closed
===2018-09-28 10:42:06.592 INFO  com.alibaba.druid.pool.DruidDataSource Line:928 - {dataSource-38} inited
===2018-09-28 10:42:06.597 INFO  com.alibaba.druid.pool.DruidDataSource Line:1823 - {dataSource-38} closed
===2018-09-28 10:42:06.790 INFO  com.alibaba.druid.pool.DruidDataSource Line:928 - {dataSource-39} inited
===2018-09-28 10:42:06.795 INFO  com.alibaba.druid.pool.DruidDataSource Line:1823 - {dataSource-39} closed
===2018-09-28 10:42:07.049 INFO  com.alibaba.druid.pool.DruidDataSource Line:928 - {dataSource-40} inited
===2018-09-28 10:42:07.062 INFO  com.alibaba.druid.pool.DruidDataSource Line:928 - {dataSource-45} inited
===2018-09-28 10:42:07.062 INFO  com.alibaba.druid.pool.DruidDataSource Line:928 - {dataSource-43} inited
===2018-09-28 10:42:07.063 INFO  com.alibaba.druid.pool.DruidDataSource Line:928 - {dataSource-42} inited
===2018-09-28 10:42:07.064 INFO  com.alibaba.druid.pool.DruidDataSource Line:928 - {dataSource-44} inited
===2018-09-28 10:42:07.066 INFO  com.alibaba.druid.pool.DruidDataSource Line:1823 - {dataSource-40} closed
===2018-09-28 10:42:07.083 INFO  com.alibaba.druid.pool.DruidDataSource Line:1823 - {dataSource-44} closed
===2018-09-28 10:42:07.107 INFO  com.alibaba.druid.pool.DruidDataSource Line:928 - {dataSource-41} inited
===2018-09-28 10:42:07.112 INFO  com.alibaba.druid.pool.DruidDataSource Line:1823 - {dataSource-42} closed
===2018-09-28 10:42:07.124 INFO  com.alibaba.druid.pool.DruidDataSource Line:1823 - {dataSource-43} closed
===2018-09-28 10:42:07.137 INFO  com.alibaba.druid.pool.DruidDataSource Line:1823 - {dataSource-45} closed
===2018-09-28 10:42:07.157 INFO  com.alibaba.druid.pool.DruidDataSource Line:1823 - {dataSource-41} closed
===2018-09-28 10:42:07.166 INFO  com.alibaba.druid.pool.DruidDataSource Line:928 - {dataSource-46} inited
===2018-09-28 10:42:07.189 INFO  com.alibaba.druid.pool.DruidDataSource Line:928 - {dataSource-48} inited
===2018-09-28 10:42:07.190 INFO  com.alibaba.druid.pool.DruidDataSource Line:928 - {dataSource-47} inited
===2018-09-28 10:42:07.198 INFO  com.alibaba.druid.pool.DruidDataSource Line:1823 - {dataSource-48} closed
===2018-09-28 10:42:07.216 INFO  com.alibaba.druid.pool.DruidDataSource Line:1823 - {dataSource-46} closed
===2018-09-28 10:42:07.261 INFO  com.alibaba.druid.pool.DruidDataSource Line:928 - {dataSource-51} inited
===2018-09-28 10:42:07.263 INFO  com.alibaba.druid.pool.DruidDataSource Line:928 - {dataSource-50} inited
===2018-09-28 10:42:07.269 INFO  com.alibaba.druid.pool.DruidDataSource Line:1823 - {dataSource-47} closed
===2018-09-28 10:42:07.274 INFO  com.alibaba.druid.pool.DruidDataSource Line:1823 - {dataSource-51} closed
===2018-09-28 10:42:07.287 INFO  com.alibaba.druid.pool.DruidDataSource Line:928 - {dataSource-49} inited
===2018-09-28 10:42:07.304 INFO  com.alibaba.druid.pool.DruidDataSource Line:1823 - {dataSource-50} closed
===2018-09-28 10:42:07.328 INFO  com.alibaba.druid.pool.DruidDataSource Line:1823 - {dataSource-49} closed
===2018-09-28 10:42:07.345 INFO  com.alibaba.druid.pool.DruidDataSource Line:928 - {dataSource-52} inited
===2018-09-28 10:42:07.357 INFO  com.alibaba.druid.pool.DruidDataSource Line:1823 - {dataSource-52} closed
===2018-09-28 10:42:07.389 INFO  com.alibaba.druid.pool.DruidDataSource Line:928 - {dataSource-53} inited
===2018-09-28 10:42:07.406 INFO  com.alibaba.druid.pool.DruidDataSource Line:1823 - {dataSource-53} closed
===2018-09-28 10:42:07.503 INFO  com.alibaba.druid.pool.DruidDataSource Line:928 - {dataSource-54} inited
===2018-09-28 10:42:07.505 INFO  com.alibaba.druid.pool.DruidDataSource Line:928 - {dataSource-55} inited
===2018-09-28 10:42:07.509 INFO  com.alibaba.druid.pool.DruidDataSource Line:1823 - {dataSource-54} closed
===2018-09-28 10:42:07.521 INFO  com.alibaba.druid.pool.DruidDataSource Line:1823 - {dataSource-55} closed
===2018-09-28 10:42:07.570 INFO  com.alibaba.druid.pool.DruidDataSource Line:928 - {dataSource-56} inited
===2018-09-28 10:42:07.576 INFO  com.alibaba.druid.pool.DruidDataSource Line:1823 - {dataSource-56} closed
===2018-09-28 10:42:07.630 INFO  com.alibaba.druid.pool.DruidDataSource Line:928 - {dataSource-57} inited
===2018-09-28 10:42:07.638 INFO  com.alibaba.druid.pool.DruidDataSource Line:1823 - {dataSource-57} closed
===2018-09-28 10:42:07.734 INFO  com.alibaba.druid.pool.DruidDataSource Line:928 - {dataSource-58} inited
===2018-09-28 10:42:07.740 INFO  com.alibaba.druid.pool.DruidDataSource Line:1823 - {dataSource-58} closed
===2018-09-28 10:42:07.747 INFO  com.alibaba.druid.pool.DruidDataSource Line:928 - {dataSource-59} inited
===2018-09-28 10:42:07.754 INFO  com.alibaba.druid.pool.DruidDataSource Line:1823 - {dataSource-59} closed
===2018-09-28 10:42:07.877 INFO  com.alibaba.druid.pool.DruidDataSource Line:928 - {dataSource-60} inited
===2018-09-28 10:42:07.903 INFO  com.alibaba.druid.pool.DruidDataSource Line:1823 - {dataSource-60} closed
===2018-09-28 10:42:07.979 INFO  com.alibaba.druid.pool.DruidDataSource Line:928 - {dataSource-61} inited
===2018-09-28 10:42:07.985 INFO  com.alibaba.druid.pool.DruidDataSource Line:1823 - {dataSource-61} closed
===2018-09-28 10:42:08.047 INFO  com.alibaba.druid.pool.DruidDataSource Line:928 - {dataSource-62} inited
===2018-09-28 10:42:08.051 INFO  com.alibaba.druid.pool.DruidDataSource Line:1823 - {dataSource-62} closed
===2018-09-28 10:42:08.106 INFO  com.alibaba.druid.pool.DruidDataSource Line:928 - {dataSource-63} inited
===2018-09-28 10:42:08.110 INFO  com.alibaba.druid.pool.DruidDataSource Line:1823 - {dataSource-63} closed
===2018-09-28 10:42:08.170 INFO  com.alibaba.druid.pool.DruidDataSource Line:928 - {dataSource-64} inited
===2018-09-28 10:42:08.176 INFO  com.alibaba.druid.pool.DruidDataSource Line:1823 - {dataSource-64} closed
===2018-09-28 10:42:08.270 INFO  com.alibaba.druid.pool.DruidDataSource Line:928 - {dataSource-65} inited
===2018-09-28 10:42:08.272 INFO  com.alibaba.druid.pool.DruidDataSource Line:928 - {dataSource-66} inited
===2018-09-28 10:42:08.274 INFO  com.alibaba.druid.pool.DruidDataSource Line:1823 - {dataSource-65} closed
===2018-09-28 10:42:08.278 INFO  com.alibaba.druid.pool.DruidDataSource Line:928 - {dataSource-67} inited
===2018-09-28 10:42:08.282 INFO  com.alibaba.druid.pool.DruidDataSource Line:928 - {dataSource-69} inited
===2018-09-28 10:42:08.284 INFO  com.alibaba.druid.pool.DruidDataSource Line:1823 - {dataSource-67} closed
===2018-09-28 10:42:08.289 INFO  com.alibaba.druid.pool.DruidDataSource Line:1823 - {dataSource-69} closed
===2018-09-28 10:42:08.290 INFO  com.alibaba.druid.pool.DruidDataSource Line:928 - {dataSource-68} inited
===2018-09-28 10:42:08.293 INFO  com.alibaba.druid.pool.DruidDataSource Line:928 - {dataSource-70} inited
===2018-09-28 10:42:08.299 INFO  com.alibaba.druid.pool.DruidDataSource Line:1823 - {dataSource-68} closed
===2018-09-28 10:42:08.328 INFO  com.alibaba.druid.pool.DruidDataSource Line:1823 - {dataSource-66} closed
===2018-09-28 10:42:08.350 INFO  com.alibaba.druid.pool.DruidDataSource Line:1823 - {dataSource-70} closed
===2018-09-28 10:42:08.381 INFO  com.alibaba.druid.pool.DruidDataSource Line:928 - {dataSource-71} inited
===2018-09-28 10:42:08.387 INFO  com.alibaba.druid.pool.DruidDataSource Line:1823 - {dataSource-71} closed
===2018-09-28 10:42:08.392 INFO  com.alibaba.druid.pool.DruidDataSource Line:928 - {dataSource-72} inited
===2018-09-28 10:42:08.404 INFO  com.alibaba.druid.pool.DruidDataSource Line:1823 - {dataSource-72} closed
===2018-09-28 10:42:08.409 INFO  com.alibaba.druid.pool.DruidDataSource Line:928 - {dataSource-73} inited
===2018-09-28 10:42:08.415 INFO  com.alibaba.druid.pool.DruidDataSource Line:1823 - {dataSource-73} closed
===2018-09-28 10:43:04.487 INFO  com.alibaba.druid.pool.DruidDataSource Line:928 - {dataSource-74} inited
===2018-09-28 10:43:04.494 INFO  com.alibaba.druid.pool.DruidDataSource Line:1823 - {dataSource-74} closed
===2018-09-28 10:43:04.573 INFO  com.alibaba.druid.pool.DruidDataSource Line:928 - {dataSource-75} inited
===2018-09-28 10:43:04.574 INFO  com.alibaba.druid.pool.DruidDataSource Line:928 - {dataSource-76} inited
===2018-09-28 10:43:04.579 INFO  com.alibaba.druid.pool.DruidDataSource Line:1823 - {dataSource-76} closed
===2018-09-28 10:43:04.579 INFO  com.alibaba.druid.pool.DruidDataSource Line:1823 - {dataSource-75} closed
===2018-09-28 10:43:04.641 INFO  com.alibaba.druid.pool.DruidDataSource Line:928 - {dataSource-77} inited
===2018-09-28 10:43:04.643 INFO  com.alibaba.druid.pool.DruidDataSource Line:928 - {dataSource-78} inited
===2018-09-28 10:43:04.647 INFO  com.alibaba.druid.pool.DruidDataSource Line:1823 - {dataSource-77} closed
===2018-09-28 10:43:04.649 INFO  com.alibaba.druid.pool.DruidDataSource Line:1823 - {dataSource-78} closed
===2018-09-28 10:43:04.763 INFO  com.alibaba.druid.pool.DruidDataSource Line:928 - {dataSource-79} inited
===2018-09-28 10:43:04.768 INFO  com.alibaba.druid.pool.DruidDataSource Line:1823 - {dataSource-79} closed
===2018-09-28 10:43:06.049 INFO  com.alibaba.druid.pool.DruidDataSource Line:928 - {dataSource-80} inited
===2018-09-28 10:43:06.053 INFO  com.alibaba.druid.pool.DruidDataSource Line:1823 - {dataSource-80} closed
===2018-09-28 10:43:06.134 INFO  com.alibaba.druid.pool.DruidDataSource Line:928 - {dataSource-81} inited
===2018-09-28 10:43:06.134 INFO  com.alibaba.druid.pool.DruidDataSource Line:928 - {dataSource-82} inited
===2018-09-28 10:43:06.145 INFO  com.alibaba.druid.pool.DruidDataSource Line:1823 - {dataSource-82} closed
===2018-09-28 10:43:06.152 INFO  com.alibaba.druid.pool.DruidDataSource Line:928 - {dataSource-87} inited
===2018-09-28 10:43:06.152 INFO  com.alibaba.druid.pool.DruidDataSource Line:928 - {dataSource-85} inited
===2018-09-28 10:43:06.154 INFO  com.alibaba.druid.pool.DruidDataSource Line:928 - {dataSource-86} inited
===2018-09-28 10:43:06.154 INFO  com.alibaba.druid.pool.DruidDataSource Line:928 - {dataSource-84} inited
===2018-09-28 10:43:06.154 INFO  com.alibaba.druid.pool.DruidDataSource Line:1823 - {dataSource-81} closed
===2018-09-28 10:43:06.159 INFO  com.alibaba.druid.pool.DruidDataSource Line:1823 - {dataSource-87} closed
===2018-09-28 10:43:06.166 INFO  com.alibaba.druid.pool.DruidDataSource Line:1823 - {dataSource-84} closed
===2018-09-28 10:43:06.169 INFO  com.alibaba.druid.pool.DruidDataSource Line:928 - {dataSource-83} inited
===2018-09-28 10:43:06.175 INFO  com.alibaba.druid.pool.DruidDataSource Line:1823 - {dataSource-83} closed
===2018-09-28 10:43:06.181 INFO  com.alibaba.druid.pool.DruidDataSource Line:1823 - {dataSource-85} closed
===2018-09-28 10:43:06.186 INFO  com.alibaba.druid.pool.DruidDataSource Line:1823 - {dataSource-86} closed
===2018-09-28 10:43:06.230 INFO  com.alibaba.druid.pool.DruidDataSource Line:928 - {dataSource-88} inited
===2018-09-28 10:43:06.237 INFO  com.alibaba.druid.pool.DruidDataSource Line:1823 - {dataSource-88} closed
===2018-09-28 10:43:06.292 INFO  com.alibaba.druid.pool.DruidDataSource Line:928 - {dataSource-89} inited
===2018-09-28 10:43:06.301 INFO  com.alibaba.druid.pool.DruidDataSource Line:1823 - {dataSource-89} closed
===2018-09-28 10:43:06.397 INFO  com.alibaba.druid.pool.DruidDataSource Line:928 - {dataSource-90} inited
===2018-09-28 10:43:06.397 INFO  com.alibaba.druid.pool.DruidDataSource Line:928 - {dataSource-91} inited
===2018-09-28 10:43:06.404 INFO  com.alibaba.druid.pool.DruidDataSource Line:1823 - {dataSource-90} closed
===2018-09-28 10:43:06.404 INFO  com.alibaba.druid.pool.DruidDataSource Line:1823 - {dataSource-91} closed
===2018-09-28 10:43:06.468 INFO  com.alibaba.druid.pool.DruidDataSource Line:928 - {dataSource-92} inited
===2018-09-28 10:43:06.472 INFO  com.alibaba.druid.pool.DruidDataSource Line:1823 - {dataSource-92} closed
===2018-09-28 10:43:06.528 INFO  com.alibaba.druid.pool.DruidDataSource Line:928 - {dataSource-93} inited
===2018-09-28 10:43:06.532 INFO  com.alibaba.druid.pool.DruidDataSource Line:1823 - {dataSource-93} closed
===2018-09-28 10:43:06.592 INFO  com.alibaba.druid.pool.DruidDataSource Line:928 - {dataSource-94} inited
===2018-09-28 10:43:06.606 INFO  com.alibaba.druid.pool.DruidDataSource Line:1823 - {dataSource-94} closed
===2018-09-28 10:43:06.688 INFO  com.alibaba.druid.pool.DruidDataSource Line:928 - {dataSource-95} inited
===2018-09-28 10:43:06.701 INFO  com.alibaba.druid.pool.DruidDataSource Line:1823 - {dataSource-95} closed
===2018-09-28 10:43:06.806 INFO  com.alibaba.druid.pool.DruidDataSource Line:928 - {dataSource-96} inited
===2018-09-28 10:43:06.818 INFO  com.alibaba.druid.pool.DruidDataSource Line:1823 - {dataSource-96} closed
===2018-09-28 10:43:06.906 INFO  com.alibaba.druid.pool.DruidDataSource Line:928 - {dataSource-97} inited
===2018-09-28 10:43:06.914 INFO  com.alibaba.druid.pool.DruidDataSource Line:1823 - {dataSource-97} closed
===2018-09-28 10:43:06.931 INFO  com.alibaba.druid.pool.DruidDataSource Line:928 - {dataSource-98} inited
===2018-09-28 10:43:06.932 INFO  com.alibaba.druid.pool.DruidDataSource Line:928 - {dataSource-99} inited
===2018-09-28 10:43:06.936 INFO  com.alibaba.druid.pool.DruidDataSource Line:1823 - {dataSource-98} closed
===2018-09-28 10:43:06.939 INFO  com.alibaba.druid.pool.DruidDataSource Line:1823 - {dataSource-99} closed
===2018-09-28 10:43:06.942 INFO  com.alibaba.druid.pool.DruidDataSource Line:928 - {dataSource-100} inited
===2018-09-28 10:43:06.948 INFO  com.alibaba.druid.pool.DruidDataSource Line:1823 - {dataSource-100} closed
===2018-09-28 10:43:27.885 INFO  com.alibaba.druid.pool.DruidDataSource Line:928 - {dataSource-101} inited
===2018-09-28 10:43:27.891 INFO  com.alibaba.druid.pool.DruidDataSource Line:1823 - {dataSource-101} closed
===2018-09-28 10:43:27.981 INFO  com.alibaba.druid.pool.DruidDataSource Line:928 - {dataSource-102} inited
===2018-09-28 10:43:27.982 INFO  com.alibaba.druid.pool.DruidDataSource Line:928 - {dataSource-103} inited
===2018-09-28 10:43:27.982 INFO  com.alibaba.druid.pool.DruidDataSource Line:928 - {dataSource-104} inited
===2018-09-28 10:43:27.992 INFO  com.alibaba.druid.pool.DruidDataSource Line:1823 - {dataSource-103} closed
===2018-09-28 10:43:27.999 INFO  com.alibaba.druid.pool.DruidDataSource Line:1823 - {dataSource-102} closed
===2018-09-28 10:43:28.002 INFO  com.alibaba.druid.pool.DruidDataSource Line:1823 - {dataSource-104} closed
===2018-09-28 10:43:28.007 INFO  com.alibaba.druid.pool.DruidDataSource Line:928 - {dataSource-106} inited
===2018-09-28 10:43:28.007 INFO  com.alibaba.druid.pool.DruidDataSource Line:928 - {dataSource-105} inited
===2018-09-28 10:43:28.008 INFO  com.alibaba.druid.pool.DruidDataSource Line:928 - {dataSource-107} inited
===2018-09-28 10:43:28.008 INFO  com.alibaba.druid.pool.DruidDataSource Line:928 - {dataSource-108} inited
===2018-09-28 10:43:28.047 INFO  com.alibaba.druid.pool.DruidDataSource Line:928 - {dataSource-109} inited
===2018-09-28 10:43:28.054 INFO  com.alibaba.druid.pool.DruidDataSource Line:928 - {dataSource-110} inited
===2018-09-28 10:43:28.056 INFO  com.alibaba.druid.pool.DruidDataSource Line:928 - {dataSource-111} inited
===2018-09-28 10:43:28.090 INFO  com.alibaba.druid.pool.DruidDataSource Line:1823 - {dataSource-106} closed
===2018-09-28 10:43:28.106 INFO  com.alibaba.druid.pool.DruidDataSource Line:1823 - {dataSource-111} closed
===2018-09-28 10:43:28.109 INFO  com.alibaba.druid.pool.DruidDataSource Line:1823 - {dataSource-110} closed
===2018-09-28 10:43:28.136 INFO  com.alibaba.druid.pool.DruidDataSource Line:1823 - {dataSource-109} closed
===2018-09-28 10:43:28.158 INFO  com.alibaba.druid.pool.DruidDataSource Line:1823 - {dataSource-108} closed
===2018-09-28 10:43:28.171 INFO  com.alibaba.druid.pool.DruidDataSource Line:1823 - {dataSource-107} closed
===2018-09-28 10:43:28.172 INFO  com.alibaba.druid.pool.DruidDataSource Line:1823 - {dataSource-105} closed
===2018-09-28 10:43:28.196 INFO  com.alibaba.druid.pool.DruidDataSource Line:928 - {dataSource-113} inited
===2018-09-28 10:43:28.199 INFO  com.alibaba.druid.pool.DruidDataSource Line:928 - {dataSource-114} inited
===2018-09-28 10:43:28.204 INFO  com.alibaba.druid.pool.DruidDataSource Line:1823 - {dataSource-113} closed
===2018-09-28 10:43:28.212 INFO  com.alibaba.druid.pool.DruidDataSource Line:1823 - {dataSource-114} closed
===2018-09-28 10:43:28.227 INFO  com.alibaba.druid.pool.DruidDataSource Line:928 - {dataSource-112} inited
===2018-09-28 10:43:28.233 INFO  com.alibaba.druid.pool.DruidDataSource Line:928 - {dataSource-115} inited
===2018-09-28 10:43:28.235 INFO  com.alibaba.druid.pool.DruidDataSource Line:1823 - {dataSource-112} closed
===2018-09-28 10:43:28.243 INFO  com.alibaba.druid.pool.DruidDataSource Line:1823 - {dataSource-115} closed
===2018-09-28 10:43:28.266 INFO  com.alibaba.druid.pool.DruidDataSource Line:928 - {dataSource-116} inited
===2018-09-28 10:43:28.270 INFO  com.alibaba.druid.pool.DruidDataSource Line:1823 - {dataSource-116} closed
===2018-09-28 10:43:28.273 INFO  com.alibaba.druid.pool.DruidDataSource Line:928 - {dataSource-117} inited
===2018-09-28 10:43:28.278 INFO  com.alibaba.druid.pool.DruidDataSource Line:1823 - {dataSource-117} closed
===2018-09-28 10:43:28.280 INFO  com.alibaba.druid.pool.DruidDataSource Line:928 - {dataSource-118} inited
===2018-09-28 10:43:28.286 INFO  com.alibaba.druid.pool.DruidDataSource Line:1823 - {dataSource-118} closed
===2018-09-28 10:43:28.292 INFO  com.alibaba.druid.pool.DruidDataSource Line:928 - {dataSource-119} inited
===2018-09-28 10:43:28.294 INFO  com.alibaba.druid.pool.DruidDataSource Line:928 - {dataSource-120} inited
===2018-09-28 10:43:28.298 INFO  com.alibaba.druid.pool.DruidDataSource Line:1823 - {dataSource-119} closed
===2018-09-28 10:43:28.302 INFO  com.alibaba.druid.pool.DruidDataSource Line:1823 - {dataSource-120} closed
===2018-09-28 10:43:28.368 INFO  com.alibaba.druid.pool.DruidDataSource Line:928 - {dataSource-121} inited
===2018-09-28 10:43:28.373 INFO  com.alibaba.druid.pool.DruidDataSource Line:1823 - {dataSource-121} closed
===2018-09-28 10:43:28.377 INFO  com.alibaba.druid.pool.DruidDataSource Line:928 - {dataSource-122} inited
===2018-09-28 10:43:28.382 INFO  com.alibaba.druid.pool.DruidDataSource Line:1823 - {dataSource-122} closed
===2018-09-28 10:43:28.434 INFO  com.alibaba.druid.pool.DruidDataSource Line:928 - {dataSource-123} inited
===2018-09-28 10:43:28.435 INFO  com.alibaba.druid.pool.DruidDataSource Line:928 - {dataSource-124} inited
===2018-09-28 10:43:28.440 INFO  com.alibaba.druid.pool.DruidDataSource Line:1823 - {dataSource-123} closed
===2018-09-28 10:43:28.441 INFO  com.alibaba.druid.pool.DruidDataSource Line:1823 - {dataSource-124} closed
===2018-09-28 10:43:28.449 INFO  com.alibaba.druid.pool.DruidDataSource Line:928 - {dataSource-125} inited
===2018-09-28 10:43:28.449 INFO  com.alibaba.druid.pool.DruidDataSource Line:928 - {dataSource-126} inited
===2018-09-28 10:43:28.449 INFO  com.alibaba.druid.pool.DruidDataSource Line:928 - {dataSource-127} inited
===2018-09-28 10:43:28.450 INFO  com.alibaba.druid.pool.DruidDataSource Line:928 - {dataSource-128} inited
===2018-09-28 10:43:28.455 INFO  com.alibaba.druid.pool.DruidDataSource Line:1823 - {dataSource-128} closed
===2018-09-28 10:43:28.459 INFO  com.alibaba.druid.pool.DruidDataSource Line:1823 - {dataSource-125} closed
===2018-09-28 10:43:28.468 INFO  com.alibaba.druid.pool.DruidDataSource Line:1823 - {dataSource-126} closed
===2018-09-28 10:43:28.473 INFO  com.alibaba.druid.pool.DruidDataSource Line:1823 - {dataSource-127} closed
===2018-09-28 10:43:28.484 INFO  com.alibaba.druid.pool.DruidDataSource Line:928 - {dataSource-129} inited
===2018-09-28 10:43:28.490 INFO  com.alibaba.druid.pool.DruidDataSource Line:1823 - {dataSource-129} closed
===2018-09-28 10:43:28.538 INFO  com.alibaba.druid.pool.DruidDataSource Line:928 - {dataSource-130} inited
===2018-09-28 10:43:28.546 INFO  com.alibaba.druid.pool.DruidDataSource Line:1823 - {dataSource-130} closed
===2018-09-28 10:43:28.547 INFO  com.alibaba.druid.pool.DruidDataSource Line:928 - {dataSource-131} inited
===2018-09-28 10:43:28.555 INFO  com.alibaba.druid.pool.DruidDataSource Line:1823 - {dataSource-131} closed
===2018-09-28 10:43:28.566 INFO  com.alibaba.druid.pool.DruidDataSource Line:928 - {dataSource-132} inited
===2018-09-28 10:43:28.569 INFO  com.alibaba.druid.pool.DruidDataSource Line:928 - {dataSource-133} inited
===2018-09-28 10:43:28.569 INFO  com.alibaba.druid.pool.DruidDataSource Line:928 - {dataSource-134} inited
===2018-09-28 10:43:28.573 INFO  com.alibaba.druid.pool.DruidDataSource Line:1823 - {dataSource-132} closed
===2018-09-28 10:43:28.580 INFO  com.alibaba.druid.pool.DruidDataSource Line:1823 - {dataSource-133} closed
===2018-09-28 10:43:28.587 INFO  com.alibaba.druid.pool.DruidDataSource Line:1823 - {dataSource-134} closed
===2018-09-28 10:43:28.599 INFO  com.alibaba.druid.pool.DruidDataSource Line:928 - {dataSource-135} inited
===2018-09-28 10:43:28.604 INFO  com.alibaba.druid.pool.DruidDataSource Line:1823 - {dataSource-135} closed
===2018-09-28 10:43:28.684 INFO  com.alibaba.druid.pool.DruidDataSource Line:928 - {dataSource-136} inited
===2018-09-28 10:43:28.699 INFO  com.alibaba.druid.pool.DruidDataSource Line:1823 - {dataSource-136} closed
===2018-09-28 10:43:28.714 INFO  com.alibaba.druid.pool.DruidDataSource Line:928 - {dataSource-137} inited
===2018-09-28 10:43:28.716 INFO  com.alibaba.druid.pool.DruidDataSource Line:928 - {dataSource-138} inited
===2018-09-28 10:43:28.721 INFO  com.alibaba.druid.pool.DruidDataSource Line:1823 - {dataSource-137} closed
===2018-09-28 10:43:28.725 INFO  com.alibaba.druid.pool.DruidDataSource Line:1823 - {dataSource-138} closed
===2018-09-28 10:43:28.799 INFO  com.alibaba.druid.pool.DruidDataSource Line:928 - {dataSource-139} inited
===2018-09-28 10:43:28.799 INFO  com.alibaba.druid.pool.DruidDataSource Line:928 - {dataSource-140} inited
===2018-09-28 10:43:28.814 INFO  com.alibaba.druid.pool.DruidDataSource Line:1823 - {dataSource-140} closed
===2018-09-28 10:43:28.829 INFO  com.alibaba.druid.pool.DruidDataSource Line:1823 - {dataSource-139} closed
===2018-09-28 10:43:28.837 INFO  com.alibaba.druid.pool.DruidDataSource Line:928 - {dataSource-141} inited
===2018-09-28 10:43:28.840 INFO  com.alibaba.druid.pool.DruidDataSource Line:928 - {dataSource-142} inited
===2018-09-28 10:43:28.843 INFO  com.alibaba.druid.pool.DruidDataSource Line:1823 - {dataSource-141} closed
===2018-09-28 10:43:28.846 INFO  com.alibaba.druid.pool.DruidDataSource Line:928 - {dataSource-143} inited
===2018-09-28 10:43:28.855 INFO  com.alibaba.druid.pool.DruidDataSource Line:928 - {dataSource-144} inited
===2018-09-28 10:43:28.856 INFO  com.alibaba.druid.pool.DruidDataSource Line:928 - {dataSource-145} inited
===2018-09-28 10:43:28.869 INFO  com.alibaba.druid.pool.DruidDataSource Line:1823 - {dataSource-142} closed
===2018-09-28 10:43:28.886 INFO  com.alibaba.druid.pool.DruidDataSource Line:1823 - {dataSource-144} closed
===2018-09-28 10:43:28.900 INFO  com.alibaba.druid.pool.DruidDataSource Line:1823 - {dataSource-145} closed
===2018-09-28 10:43:28.903 INFO  com.alibaba.druid.pool.DruidDataSource Line:1823 - {dataSource-143} closed
===2018-09-28 10:43:28.959 INFO  com.alibaba.druid.pool.DruidDataSource Line:928 - {dataSource-146} inited
===2018-09-28 10:43:28.964 INFO  com.alibaba.druid.pool.DruidDataSource Line:1823 - {dataSource-146} closed
===2018-09-28 10:43:29.022 INFO  com.alibaba.druid.pool.DruidDataSource Line:928 - {dataSource-147} inited
===2018-09-28 10:43:29.030 INFO  com.alibaba.druid.pool.DruidDataSource Line:1823 - {dataSource-147} closed
===2018-09-28 10:43:29.103 INFO  com.alibaba.druid.pool.DruidDataSource Line:928 - {dataSource-148} inited
===2018-09-28 10:43:29.108 INFO  com.alibaba.druid.pool.DruidDataSource Line:1823 - {dataSource-148} closed
===2018-09-28 10:43:29.118 INFO  com.alibaba.druid.pool.DruidDataSource Line:928 - {dataSource-149} inited
===2018-09-28 10:43:29.123 INFO  com.alibaba.druid.pool.DruidDataSource Line:1823 - {dataSource-149} closed
===2018-09-28 10:43:29.180 INFO  com.alibaba.druid.pool.DruidDataSource Line:928 - {dataSource-150} inited
===2018-09-28 10:43:29.186 INFO  com.alibaba.druid.pool.DruidDataSource Line:1823 - {dataSource-150} closed
===2018-09-28 10:43:29.244 INFO  com.alibaba.druid.pool.DruidDataSource Line:928 - {dataSource-151} inited
===2018-09-28 10:43:29.248 INFO  com.alibaba.druid.pool.DruidDataSource Line:1823 - {dataSource-151} closed
===2018-09-28 10:43:29.305 INFO  com.alibaba.druid.pool.DruidDataSource Line:928 - {dataSource-152} inited
===2018-09-28 10:43:29.309 INFO  com.alibaba.druid.pool.DruidDataSource Line:1823 - {dataSource-152} closed
===2018-09-28 10:43:29.365 INFO  com.alibaba.druid.pool.DruidDataSource Line:928 - {dataSource-153} inited
===2018-09-28 10:43:29.370 INFO  com.alibaba.druid.pool.DruidDataSource Line:1823 - {dataSource-153} closed
===2018-09-28 10:43:29.431 INFO  com.alibaba.druid.pool.DruidDataSource Line:928 - {dataSource-154} inited
===2018-09-28 10:43:29.435 INFO  com.alibaba.druid.pool.DruidDataSource Line:1823 - {dataSource-154} closed
===2018-09-28 10:43:29.502 INFO  com.alibaba.druid.pool.DruidDataSource Line:928 - {dataSource-155} inited
===2018-09-28 10:43:29.505 INFO  com.alibaba.druid.pool.DruidDataSource Line:1823 - {dataSource-155} closed
===2018-09-28 10:43:29.538 INFO  com.alibaba.druid.pool.DruidDataSource Line:928 - {dataSource-156} inited
===2018-09-28 10:43:29.539 INFO  com.alibaba.druid.pool.DruidDataSource Line:928 - {dataSource-157} inited
===2018-09-28 10:43:29.547 INFO  com.alibaba.druid.pool.DruidDataSource Line:1823 - {dataSource-156} closed
===2018-09-28 10:43:29.548 INFO  com.alibaba.druid.pool.DruidDataSource Line:1823 - {dataSource-157} closed
===2018-09-28 10:43:29.553 INFO  com.alibaba.druid.pool.DruidDataSource Line:928 - {dataSource-158} inited
===2018-09-28 10:43:29.557 INFO  com.alibaba.druid.pool.DruidDataSource Line:1823 - {dataSource-158} closed
===2018-09-28 10:52:49.388 INFO  com.hsgene.hdas.cmcs.modules.admin.AdminApplication Line:48  - Starting AdminApplication on DESKTOP-8RT6NG5 with PID 3348 (D:\github\hdas-cmcs\hdas-cmcs-module-admin\target\classes started by zgh in D:\github\hdas-cmcs)
===2018-09-28 10:52:49.391 INFO  com.hsgene.hdas.cmcs.modules.admin.AdminApplication Line:641 - The following profiles are active: dev
===2018-09-28 10:52:49.670 INFO  org.hibernate.validator.internal.util.Version Line:30  - HV000001: Hibernate Validator 5.3.5.Final
===2018-09-28 10:52:51.475 INFO  com.hsgene.hdas.cmcs.modules.common.datasource.DynamicDataSourceRegister Line:65  - Dynamic DataSource Registry
===2018-09-28 10:52:53.073 INFO  org.eclipse.jetty.util.log Line:192 - Logging initialized @5468ms to org.eclipse.jetty.util.log.Slf4jLog
===2018-09-28 10:52:53.551 INFO  org.eclipse.jetty.server.Server Line:372 - jetty-9.4.4.v20170414
===2018-09-28 10:52:53.674 INFO  org.eclipse.jetty.server.session Line:364 - DefaultSessionIdManager workerName=node0
===2018-09-28 10:52:53.674 INFO  org.eclipse.jetty.server.session Line:369 - No SessionScavenger set, using defaults
===2018-09-28 10:52:53.678 INFO  org.eclipse.jetty.server.session Line:149 - Scavenging every 600000ms
===2018-09-28 10:52:53.685 INFO  org.eclipse.jetty.server.handler.ContextHandler.application Line:2221 - Initializing Spring embedded WebApplicationContext
===2018-09-28 10:52:54.628 INFO  org.eclipse.jetty.server.handler.ContextHandler Line:788 - Started o.s.b.c.e.j.JettyEmbeddedWebAppContext@4d0b470{/,[file:///C:/Users/zgh/AppData/Local/Temp/jetty-docbase.8147928298702624466.80/],AVAILABLE}
===2018-09-28 10:52:54.629 INFO  org.eclipse.jetty.server.Server Line:444 - Started @7023ms
===2018-09-28 10:52:58.722 INFO  org.eclipse.jetty.server.handler.ContextHandler.application Line:2221 - Initializing Spring FrameworkServlet 'dispatcherServlet'
===2018-09-28 10:52:58.760 INFO  org.eclipse.jetty.server.AbstractConnector Line:280 - Started ServerConnector@45bdb988{HTTP/1.1,[http/1.1]}{0.0.0.0:80}
===2018-09-28 10:52:58.767 INFO  com.hsgene.hdas.cmcs.modules.admin.AdminApplication Line:57  - Started AdminApplication in 10.037 seconds (JVM running for 11.161)
===2018-09-28 10:54:56.565 INFO  com.hsgene.hdas.cmcs.modules.admin.AdminApplication Line:48  - Starting AdminApplication on DESKTOP-8RT6NG5 with PID 21352 (D:\github\hdas-cmcs\hdas-cmcs-module-admin\target\classes started by zgh in D:\github\hdas-cmcs)
===2018-09-28 10:54:56.590 INFO  com.hsgene.hdas.cmcs.modules.admin.AdminApplication Line:641 - The following profiles are active: dev
===2018-09-28 10:54:56.901 INFO  org.hibernate.validator.internal.util.Version Line:30  - HV000001: Hibernate Validator 5.3.5.Final
===2018-09-28 10:54:59.478 INFO  com.hsgene.hdas.cmcs.modules.common.datasource.DynamicDataSourceRegister Line:65  - Dynamic DataSource Registry
===2018-09-28 10:55:01.595 INFO  org.eclipse.jetty.util.log Line:192 - Logging initialized @6795ms to org.eclipse.jetty.util.log.Slf4jLog
===2018-09-28 10:55:02.048 INFO  org.eclipse.jetty.server.Server Line:372 - jetty-9.4.4.v20170414
===2018-09-28 10:55:02.168 INFO  org.eclipse.jetty.server.session Line:364 - DefaultSessionIdManager workerName=node0
===2018-09-28 10:55:02.169 INFO  org.eclipse.jetty.server.session Line:369 - No SessionScavenger set, using defaults
===2018-09-28 10:55:02.172 INFO  org.eclipse.jetty.server.session Line:149 - Scavenging every 660000ms
===2018-09-28 10:55:02.180 INFO  org.eclipse.jetty.server.handler.ContextHandler.application Line:2221 - Initializing Spring embedded WebApplicationContext
===2018-09-28 10:55:03.329 INFO  org.eclipse.jetty.server.handler.ContextHandler Line:788 - Started o.s.b.c.e.j.JettyEmbeddedWebAppContext@7492e136{/,[file:///C:/Users/zgh/AppData/Local/Temp/jetty-docbase.7459337633197463303.80/],AVAILABLE}
===2018-09-28 10:55:03.329 INFO  org.eclipse.jetty.server.Server Line:444 - Started @8531ms
===2018-09-28 10:55:07.570 INFO  org.eclipse.jetty.server.handler.ContextHandler.application Line:2221 - Initializing Spring FrameworkServlet 'dispatcherServlet'
===2018-09-28 10:55:07.610 INFO  org.eclipse.jetty.server.AbstractConnector Line:280 - Started ServerConnector@7be7d7b3{HTTP/1.1,[http/1.1]}{0.0.0.0:80}
===2018-09-28 10:55:07.620 INFO  com.hsgene.hdas.cmcs.modules.admin.AdminApplication Line:57  - Started AdminApplication in 11.738 seconds (JVM running for 12.821)
===2018-09-28 11:03:23.191 INFO  com.hsgene.hdas.cmcs.modules.admin.AdminApplication Line:48  - Starting AdminApplication on DESKTOP-8RT6NG5 with PID 32 (D:\github\hdas-cmcs\hdas-cmcs-module-admin\target\classes started by zgh in D:\github\hdas-cmcs)
===2018-09-28 11:03:23.195 INFO  com.hsgene.hdas.cmcs.modules.admin.AdminApplication Line:641 - The following profiles are active: dev
===2018-09-28 11:03:23.488 INFO  org.hibernate.validator.internal.util.Version Line:30  - HV000001: Hibernate Validator 5.3.5.Final
===2018-09-28 11:03:25.250 INFO  com.hsgene.hdas.cmcs.modules.common.datasource.DynamicDataSourceRegister Line:65  - Dynamic DataSource Registry
===2018-09-28 11:03:26.824 INFO  org.eclipse.jetty.util.log Line:192 - Logging initialized @5444ms to org.eclipse.jetty.util.log.Slf4jLog
===2018-09-28 11:03:27.287 INFO  org.eclipse.jetty.server.Server Line:372 - jetty-9.4.4.v20170414
===2018-09-28 11:03:27.408 INFO  org.eclipse.jetty.server.session Line:364 - DefaultSessionIdManager workerName=node0
===2018-09-28 11:03:27.408 INFO  org.eclipse.jetty.server.session Line:369 - No SessionScavenger set, using defaults
===2018-09-28 11:03:27.412 INFO  org.eclipse.jetty.server.session Line:149 - Scavenging every 600000ms
===2018-09-28 11:03:27.419 INFO  org.eclipse.jetty.server.handler.ContextHandler.application Line:2221 - Initializing Spring embedded WebApplicationContext
===2018-09-28 11:03:28.283 INFO  org.eclipse.jetty.server.handler.ContextHandler Line:788 - Started o.s.b.c.e.j.JettyEmbeddedWebAppContext@4761d64c{/,[file:///C:/Users/zgh/AppData/Local/Temp/jetty-docbase.3615449870021811972.80/],AVAILABLE}
===2018-09-28 11:03:28.283 INFO  org.eclipse.jetty.server.Server Line:444 - Started @6903ms
===2018-09-28 11:03:32.264 INFO  org.eclipse.jetty.server.handler.ContextHandler.application Line:2221 - Initializing Spring FrameworkServlet 'dispatcherServlet'
===2018-09-28 11:03:32.305 INFO  org.eclipse.jetty.server.AbstractConnector Line:280 - Started ServerConnector@1d5040c3{HTTP/1.1,[http/1.1]}{0.0.0.0:80}
===2018-09-28 11:03:32.312 INFO  com.hsgene.hdas.cmcs.modules.admin.AdminApplication Line:57  - Started AdminApplication in 9.78 seconds (JVM running for 10.932)
===2018-09-28 11:04:02.718 INFO  com.alibaba.druid.pool.DruidDataSource Line:928 - {dataSource-1} inited
===2018-09-28 11:04:03.246 INFO  com.alibaba.druid.pool.DruidDataSource Line:928 - {dataSource-2} inited
===2018-09-28 11:04:03.339 INFO  org.thymeleaf.TemplateEngine Line:825 - [THYMELEAF] INITIALIZING TEMPLATE ENGINE
===2018-09-28 11:04:03.605 INFO  org.thymeleaf.templateresolver.AbstractTemplateResolver Line:99  - [THYMELEAF] INITIALIZING TEMPLATE RESOLVER: org.thymeleaf.spring4.templateresolver.SpringResourceTemplateResolver
===2018-09-28 11:04:03.605 INFO  org.thymeleaf.templateresolver.AbstractTemplateResolver Line:110 - [THYMELEAF] TEMPLATE RESOLVER INITIALIZED OK
===2018-09-28 11:04:03.606 INFO  org.thymeleaf.messageresolver.AbstractMessageResolver Line:72  - [THYMELEAF] INITIALIZING MESSAGE RESOLVER: org.thymeleaf.spring4.messageresolver.SpringMessageResolver
===2018-09-28 11:04:03.606 INFO  org.thymeleaf.messageresolver.AbstractMessageResolver Line:78  - [THYMELEAF] MESSAGE RESOLVER INITIALIZED OK
===2018-09-28 11:04:03.610 INFO  org.thymeleaf.TemplateEngine.CONFIG Line:123 - [THYMELEAF] TEMPLATE ENGINE CONFIGURATION:
[THYMELEAF] * Cache Factory implementation: org.thymeleaf.cache.StandardCacheManager
[THYMELEAF] * Template modes:
[THYMELEAF]     * HTML5
[THYMELEAF]     * VALIDXML
[THYMELEAF]     * XML
[THYMELEAF]     * VALIDXHTML
[THYMELEAF]     * XHTML
[THYMELEAF]     * LEGACYHTML5
[THYMELEAF] * Template resolvers (in order):
[THYMELEAF]     * org.thymeleaf.spring4.templateresolver.SpringResourceTemplateResolver
[THYMELEAF] * Message resolvers (in order):
[THYMELEAF]     * org.thymeleaf.spring4.messageresolver.SpringMessageResolver
[THYMELEAF] * Dialect [1 of 2]: org.thymeleaf.spring4.dialect.SpringStandardDialect
[THYMELEAF]     * Prefix: "th"
[THYMELEAF] * Dialect [2 of 2]: nz.net.ultraq.thymeleaf.LayoutDialect
[THYMELEAF]     * Prefix: "layout"
[THYMELEAF] TEMPLATE ENGINE CONFIGURED OK
===2018-09-28 11:04:03.611 INFO  org.thymeleaf.TemplateEngine Line:838 - [THYMELEAF] TEMPLATE ENGINE INITIALIZED
===2018-09-28 11:49:31.142 INFO  org.eclipse.jetty.server.AbstractConnector Line:320 - Stopped ServerConnector@1d5040c3{HTTP/1.1,[http/1.1]}{0.0.0.0:80}
===2018-09-28 11:49:31.145 INFO  org.eclipse.jetty.server.session Line:167 - Stopped scavenging
===2018-09-28 11:49:31.158 INFO  org.eclipse.jetty.server.handler.ContextHandler.application Line:2221 - Destroying Spring FrameworkServlet 'dispatcherServlet'
===2018-09-28 11:49:31.161 INFO  org.eclipse.jetty.server.handler.ContextHandler Line:957 - Stopped o.s.b.c.e.j.JettyEmbeddedWebAppContext@4761d64c{/,[file:///C:/Users/zgh/AppData/Local/Temp/jetty-docbase.3615449870021811972.80/],UNAVAILABLE}
===2018-09-28 11:49:31.641 INFO  com.hsgene.hdas.cmcs.modules.admin.AdminApplication Line:48  - Starting AdminApplication on DESKTOP-8RT6NG5 with PID 32 (D:\github\hdas-cmcs\hdas-cmcs-module-admin\target\classes started by zgh in D:\github\hdas-cmcs)
===2018-09-28 11:49:31.642 INFO  com.hsgene.hdas.cmcs.modules.admin.AdminApplication Line:641 - The following profiles are active: dev
===2018-09-28 11:49:34.196 INFO  com.hsgene.hdas.cmcs.modules.common.datasource.DynamicDataSourceRegister Line:65  - Dynamic DataSource Registry
===2018-09-28 14:14:42.738 INFO  com.hsgene.hdas.cmcs.modules.admin.AdminApplication Line:48  - Starting AdminApplication on DESKTOP-8RT6NG5 with PID 20688 (D:\github\hdas-cmcs\hdas-cmcs-module-admin\target\classes started by zgh in D:\github\hdas-cmcs)
===2018-09-28 14:14:42.743 INFO  com.hsgene.hdas.cmcs.modules.admin.AdminApplication Line:641 - The following profiles are active: dev
===2018-09-28 14:14:43.174 INFO  org.hibernate.validator.internal.util.Version Line:30  - HV000001: Hibernate Validator 5.3.5.Final
===2018-09-28 14:14:45.785 INFO  com.hsgene.hdas.cmcs.modules.common.datasource.DynamicDataSourceRegister Line:65  - Dynamic DataSource Registry
===2018-09-28 14:14:48.199 INFO  org.eclipse.jetty.util.log Line:192 - Logging initialized @7765ms to org.eclipse.jetty.util.log.Slf4jLog
===2018-09-28 14:14:48.997 INFO  org.eclipse.jetty.server.Server Line:372 - jetty-9.4.4.v20170414
===2018-09-28 14:14:49.330 INFO  org.eclipse.jetty.server.session Line:364 - DefaultSessionIdManager workerName=node0
===2018-09-28 14:14:49.330 INFO  org.eclipse.jetty.server.session Line:369 - No SessionScavenger set, using defaults
===2018-09-28 14:14:49.351 INFO  org.eclipse.jetty.server.session Line:149 - Scavenging every 660000ms
===2018-09-28 14:14:49.368 INFO  org.eclipse.jetty.server.handler.ContextHandler.application Line:2221 - Initializing Spring embedded WebApplicationContext
===2018-09-28 14:14:50.903 INFO  org.eclipse.jetty.server.handler.ContextHandler Line:788 - Started o.s.b.c.e.j.JettyEmbeddedWebAppContext@6175e12a{/,[file:///C:/Users/zgh/AppData/Local/Temp/jetty-docbase.4975930562642581453.80/],AVAILABLE}
===2018-09-28 14:14:50.903 INFO  org.eclipse.jetty.server.Server Line:444 - Started @10468ms
===2018-09-28 14:14:55.862 INFO  org.eclipse.jetty.server.handler.ContextHandler.application Line:2221 - Initializing Spring FrameworkServlet 'dispatcherServlet'
===2018-09-28 14:14:55.973 INFO  org.eclipse.jetty.server.AbstractConnector Line:280 - Started ServerConnector@6f668cd{HTTP/1.1,[http/1.1]}{0.0.0.0:80}
===2018-09-28 14:14:55.985 INFO  com.hsgene.hdas.cmcs.modules.admin.AdminApplication Line:57  - Started AdminApplication in 14.01 seconds (JVM running for 15.549)
===2018-09-28 14:21:49.011 INFO  com.hsgene.hdas.cmcs.modules.admin.AdminApplication Line:48  - Starting AdminApplication on DESKTOP-8RT6NG5 with PID 20740 (D:\github\hdas-cmcs\hdas-cmcs-module-admin\target\classes started by zgh in D:\github\hdas-cmcs)
===2018-09-28 14:21:49.014 INFO  com.hsgene.hdas.cmcs.modules.admin.AdminApplication Line:641 - The following profiles are active: dev
===2018-09-28 14:21:49.272 INFO  org.hibernate.validator.internal.util.Version Line:30  - HV000001: Hibernate Validator 5.3.5.Final
===2018-09-28 14:21:51.051 INFO  com.hsgene.hdas.cmcs.modules.common.datasource.DynamicDataSourceRegister Line:65  - Dynamic DataSource Registry
===2018-09-28 14:21:52.639 INFO  org.eclipse.jetty.util.log Line:192 - Logging initialized @5460ms to org.eclipse.jetty.util.log.Slf4jLog
===2018-09-28 14:21:53.099 INFO  org.eclipse.jetty.server.Server Line:372 - jetty-9.4.4.v20170414
===2018-09-28 14:21:53.247 INFO  org.eclipse.jetty.server.session Line:364 - DefaultSessionIdManager workerName=node0
===2018-09-28 14:21:53.247 INFO  org.eclipse.jetty.server.session Line:369 - No SessionScavenger set, using defaults
===2018-09-28 14:21:53.251 INFO  org.eclipse.jetty.server.session Line:149 - Scavenging every 660000ms
===2018-09-28 14:21:53.257 INFO  org.eclipse.jetty.server.handler.ContextHandler.application Line:2221 - Initializing Spring embedded WebApplicationContext
===2018-09-28 14:21:54.230 INFO  org.eclipse.jetty.server.handler.ContextHandler Line:788 - Started o.s.b.c.e.j.JettyEmbeddedWebAppContext@3d66339d{/,[file:///C:/Users/zgh/AppData/Local/Temp/jetty-docbase.7014432160210132174.80/],AVAILABLE}
===2018-09-28 14:21:54.231 INFO  org.eclipse.jetty.server.Server Line:444 - Started @7051ms
===2018-09-28 14:21:58.369 INFO  org.eclipse.jetty.server.handler.ContextHandler.application Line:2221 - Initializing Spring FrameworkServlet 'dispatcherServlet'
===2018-09-28 14:21:58.406 INFO  org.eclipse.jetty.server.AbstractConnector Line:280 - Started ServerConnector@9d1c251{HTTP/1.1,[http/1.1]}{0.0.0.0:80}
===2018-09-28 14:21:58.414 INFO  com.hsgene.hdas.cmcs.modules.admin.AdminApplication Line:57  - Started AdminApplication in 9.979 seconds (JVM running for 11.235)
===2018-09-28 14:22:10.293 INFO  org.thymeleaf.TemplateEngine Line:825 - [THYMELEAF] INITIALIZING TEMPLATE ENGINE
===2018-09-28 14:22:10.607 INFO  org.thymeleaf.templateresolver.AbstractTemplateResolver Line:99  - [THYMELEAF] INITIALIZING TEMPLATE RESOLVER: org.thymeleaf.spring4.templateresolver.SpringResourceTemplateResolver
===2018-09-28 14:22:10.608 INFO  org.thymeleaf.templateresolver.AbstractTemplateResolver Line:110 - [THYMELEAF] TEMPLATE RESOLVER INITIALIZED OK
===2018-09-28 14:22:10.608 INFO  org.thymeleaf.messageresolver.AbstractMessageResolver Line:72  - [THYMELEAF] INITIALIZING MESSAGE RESOLVER: org.thymeleaf.spring4.messageresolver.SpringMessageResolver
===2018-09-28 14:22:10.609 INFO  org.thymeleaf.messageresolver.AbstractMessageResolver Line:78  - [THYMELEAF] MESSAGE RESOLVER INITIALIZED OK
===2018-09-28 14:22:10.620 INFO  org.thymeleaf.TemplateEngine.CONFIG Line:123 - [THYMELEAF] TEMPLATE ENGINE CONFIGURATION:
[THYMELEAF] * Cache Factory implementation: org.thymeleaf.cache.StandardCacheManager
[THYMELEAF] * Template modes:
[THYMELEAF]     * VALIDXML
[THYMELEAF]     * XHTML
[THYMELEAF]     * HTML5
[THYMELEAF]     * VALIDXHTML
[THYMELEAF]     * LEGACYHTML5
[THYMELEAF]     * XML
[THYMELEAF] * Template resolvers (in order):
[THYMELEAF]     * org.thymeleaf.spring4.templateresolver.SpringResourceTemplateResolver
[THYMELEAF] * Message resolvers (in order):
[THYMELEAF]     * org.thymeleaf.spring4.messageresolver.SpringMessageResolver
[THYMELEAF] * Dialect [1 of 2]: org.thymeleaf.spring4.dialect.SpringStandardDialect
[THYMELEAF]     * Prefix: "th"
[THYMELEAF] * Dialect [2 of 2]: nz.net.ultraq.thymeleaf.LayoutDialect
[THYMELEAF]     * Prefix: "layout"
[THYMELEAF] TEMPLATE ENGINE CONFIGURED OK
===2018-09-28 14:22:10.620 INFO  org.thymeleaf.TemplateEngine Line:838 - [THYMELEAF] TEMPLATE ENGINE INITIALIZED
===2018-09-28 14:22:18.707 INFO  com.alibaba.druid.pool.DruidDataSource Line:928 - {dataSource-1} inited
===2018-09-28 15:04:14.521 INFO  com.hsgene.hdas.cmcs.modules.admin.AdminApplication Line:48  - Starting AdminApplication on DESKTOP-8RT6NG5 with PID 23656 (D:\github\hdas-cmcs\hdas-cmcs-module-admin\target\classes started by zgh in D:\github\hdas-cmcs)
===2018-09-28 15:04:14.526 INFO  com.hsgene.hdas.cmcs.modules.admin.AdminApplication Line:641 - The following profiles are active: dev
===2018-09-28 15:04:14.855 INFO  org.hibernate.validator.internal.util.Version Line:30  - HV000001: Hibernate Validator 5.3.5.Final
===2018-09-28 15:04:17.710 INFO  com.hsgene.hdas.cmcs.modules.common.datasource.DynamicDataSourceRegister Line:65  - Dynamic DataSource Registry
===2018-09-28 15:04:20.843 INFO  org.eclipse.jetty.util.log Line:192 - Logging initialized @8237ms to org.eclipse.jetty.util.log.Slf4jLog
===2018-09-28 15:04:21.422 INFO  org.eclipse.jetty.server.Server Line:372 - jetty-9.4.4.v20170414
===2018-09-28 15:04:21.552 INFO  org.eclipse.jetty.server.session Line:364 - DefaultSessionIdManager workerName=node0
===2018-09-28 15:04:21.552 INFO  org.eclipse.jetty.server.session Line:369 - No SessionScavenger set, using defaults
===2018-09-28 15:04:21.556 INFO  org.eclipse.jetty.server.session Line:149 - Scavenging every 660000ms
===2018-09-28 15:04:21.563 INFO  org.eclipse.jetty.server.handler.ContextHandler.application Line:2221 - Initializing Spring embedded WebApplicationContext
===2018-09-28 15:04:22.458 INFO  org.eclipse.jetty.server.handler.ContextHandler Line:788 - Started o.s.b.c.e.j.JettyEmbeddedWebAppContext@2a8a2728{/,[file:///C:/Users/zgh/AppData/Local/Temp/jetty-docbase.4882725708487837427.80/],AVAILABLE}
===2018-09-28 15:04:22.459 INFO  org.eclipse.jetty.server.Server Line:444 - Started @9854ms
===2018-09-28 15:04:27.000 INFO  org.eclipse.jetty.server.handler.ContextHandler.application Line:2221 - Initializing Spring FrameworkServlet 'dispatcherServlet'
===2018-09-28 15:04:27.037 INFO  org.eclipse.jetty.server.AbstractConnector Line:280 - Started ServerConnector@33e46c30{HTTP/1.1,[http/1.1]}{0.0.0.0:80}
===2018-09-28 15:04:27.043 INFO  com.hsgene.hdas.cmcs.modules.admin.AdminApplication Line:57  - Started AdminApplication in 13.199 seconds (JVM running for 14.438)
===2018-09-28 15:07:18.537 INFO  org.eclipse.jetty.server.AbstractConnector Line:320 - Stopped ServerConnector@33e46c30{HTTP/1.1,[http/1.1]}{0.0.0.0:80}
===2018-09-28 15:07:18.538 INFO  org.eclipse.jetty.server.session Line:167 - Stopped scavenging
===2018-09-28 15:07:18.547 INFO  org.eclipse.jetty.server.handler.ContextHandler.application Line:2221 - Destroying Spring FrameworkServlet 'dispatcherServlet'
===2018-09-28 15:07:18.549 INFO  org.eclipse.jetty.server.handler.ContextHandler Line:957 - Stopped o.s.b.c.e.j.JettyEmbeddedWebAppContext@2a8a2728{/,[file:///C:/Users/zgh/AppData/Local/Temp/jetty-docbase.4882725708487837427.80/],UNAVAILABLE}
===2018-09-28 15:07:18.807 INFO  com.hsgene.hdas.cmcs.modules.admin.AdminApplication Line:48  - Starting AdminApplication on DESKTOP-8RT6NG5 with PID 23656 (D:\github\hdas-cmcs\hdas-cmcs-module-admin\target\classes started by zgh in D:\github\hdas-cmcs)
===2018-09-28 15:07:18.807 INFO  com.hsgene.hdas.cmcs.modules.admin.AdminApplication Line:641 - The following profiles are active: dev
===2018-09-28 15:07:19.747 INFO  com.hsgene.hdas.cmcs.modules.common.datasource.DynamicDataSourceRegister Line:65  - Dynamic DataSource Registry
===2018-09-28 15:07:25.524 INFO  com.hsgene.hdas.cmcs.modules.admin.AdminApplication Line:48  - Starting AdminApplication on DESKTOP-8RT6NG5 with PID 18844 (D:\github\hdas-cmcs\hdas-cmcs-module-admin\target\classes started by zgh in D:\github\hdas-cmcs)
===2018-09-28 15:07:25.529 INFO  com.hsgene.hdas.cmcs.modules.admin.AdminApplication Line:641 - The following profiles are active: dev
===2018-09-28 15:07:25.769 INFO  org.hibernate.validator.internal.util.Version Line:30  - HV000001: Hibernate Validator 5.3.5.Final
===2018-09-28 15:07:28.290 INFO  com.hsgene.hdas.cmcs.modules.common.datasource.DynamicDataSourceRegister Line:65  - Dynamic DataSource Registry
===2018-09-28 15:07:30.844 INFO  org.eclipse.jetty.util.log Line:192 - Logging initialized @7246ms to org.eclipse.jetty.util.log.Slf4jLog
===2018-09-28 15:07:31.303 INFO  org.eclipse.jetty.server.Server Line:372 - jetty-9.4.4.v20170414
===2018-09-28 15:07:31.412 INFO  org.eclipse.jetty.server.session Line:364 - DefaultSessionIdManager workerName=node0
===2018-09-28 15:07:31.412 INFO  org.eclipse.jetty.server.session Line:369 - No SessionScavenger set, using defaults
===2018-09-28 15:07:31.415 INFO  org.eclipse.jetty.server.session Line:149 - Scavenging every 600000ms
===2018-09-28 15:07:31.421 INFO  org.eclipse.jetty.server.handler.ContextHandler.application Line:2221 - Initializing Spring embedded WebApplicationContext
===2018-09-28 15:07:32.452 INFO  org.eclipse.jetty.server.handler.ContextHandler Line:788 - Started o.s.b.c.e.j.JettyEmbeddedWebAppContext@6d946ced{/,[file:///C:/Users/zgh/AppData/Local/Temp/jetty-docbase.1842839062881791494.80/],AVAILABLE}
===2018-09-28 15:07:32.453 INFO  org.eclipse.jetty.server.Server Line:444 - Started @8856ms
===2018-09-28 15:07:37.437 INFO  org.eclipse.jetty.server.handler.ContextHandler.application Line:2221 - Initializing Spring FrameworkServlet 'dispatcherServlet'
===2018-09-28 15:07:37.492 INFO  org.eclipse.jetty.server.AbstractConnector Line:280 - Started ServerConnector@f0a35ae{HTTP/1.1,[http/1.1]}{0.0.0.0:80}
===2018-09-28 15:07:37.501 INFO  com.hsgene.hdas.cmcs.modules.admin.AdminApplication Line:57  - Started AdminApplication in 12.78 seconds (JVM running for 13.904)
===2018-09-28 15:07:43.320 INFO  org.thymeleaf.TemplateEngine Line:825 - [THYMELEAF] INITIALIZING TEMPLATE ENGINE
===2018-09-28 15:07:43.371 INFO  org.thymeleaf.templateresolver.AbstractTemplateResolver Line:99  - [THYMELEAF] INITIALIZING TEMPLATE RESOLVER: org.thymeleaf.spring4.templateresolver.SpringResourceTemplateResolver
===2018-09-28 15:07:43.371 INFO  org.thymeleaf.templateresolver.AbstractTemplateResolver Line:110 - [THYMELEAF] TEMPLATE RESOLVER INITIALIZED OK
===2018-09-28 15:07:43.372 INFO  org.thymeleaf.messageresolver.AbstractMessageResolver Line:72  - [THYMELEAF] INITIALIZING MESSAGE RESOLVER: org.thymeleaf.spring4.messageresolver.SpringMessageResolver
===2018-09-28 15:07:43.372 INFO  org.thymeleaf.messageresolver.AbstractMessageResolver Line:78  - [THYMELEAF] MESSAGE RESOLVER INITIALIZED OK
===2018-09-28 15:07:43.375 INFO  org.thymeleaf.TemplateEngine.CONFIG Line:123 - [THYMELEAF] TEMPLATE ENGINE CONFIGURATION:
[THYMELEAF] * Cache Factory implementation: org.thymeleaf.cache.StandardCacheManager
[THYMELEAF] * Template modes:
[THYMELEAF]     * VALIDXML
[THYMELEAF]     * VALIDXHTML
[THYMELEAF]     * LEGACYHTML5
[THYMELEAF]     * XML
[THYMELEAF]     * HTML5
[THYMELEAF]     * XHTML
[THYMELEAF] * Template resolvers (in order):
[THYMELEAF]     * org.thymeleaf.spring4.templateresolver.SpringResourceTemplateResolver
[THYMELEAF] * Message resolvers (in order):
[THYMELEAF]     * org.thymeleaf.spring4.messageresolver.SpringMessageResolver
[THYMELEAF] * Dialect [1 of 2]: org.thymeleaf.spring4.dialect.SpringStandardDialect
[THYMELEAF]     * Prefix: "th"
[THYMELEAF] * Dialect [2 of 2]: nz.net.ultraq.thymeleaf.LayoutDialect
[THYMELEAF]     * Prefix: "layout"
[THYMELEAF] TEMPLATE ENGINE CONFIGURED OK
===2018-09-28 15:07:43.376 INFO  org.thymeleaf.TemplateEngine Line:838 - [THYMELEAF] TEMPLATE ENGINE INITIALIZED
===2018-09-28 15:07:50.132 INFO  com.alibaba.druid.pool.DruidDataSource Line:928 - {dataSource-1} inited
